2021-07-06 05:26:42 startup archives install
2021-07-06 05:26:42 install base-passwd:amd64 <none> 3.5.46
2021-07-06 05:26:42 status half-installed base-passwd:amd64 3.5.46
2021-07-06 05:26:42 status unpacked base-passwd:amd64 3.5.46
2021-07-06 05:26:42 configure base-passwd:amd64 3.5.46 3.5.46
2021-07-06 05:26:42 status half-configured base-passwd:amd64 3.5.46
2021-07-06 05:26:42 status installed base-passwd:amd64 3.5.46
2021-07-06 05:26:42 startup archives install
2021-07-06 05:26:42 install base-files:amd64 <none> 10.3+deb10u10
2021-07-06 05:26:42 status half-installed base-files:amd64 10.3+deb10u10
2021-07-06 05:26:42 status unpacked base-files:amd64 10.3+deb10u10
2021-07-06 05:26:42 configure base-files:amd64 10.3+deb10u10 10.3+deb10u10
2021-07-06 05:26:42 status half-configured base-files:amd64 10.3+deb10u10
2021-07-06 05:26:42 status installed base-files:amd64 10.3+deb10u10
2021-07-06 05:26:42 startup archives install
2021-07-06 05:26:42 upgrade dpkg 1.19.7 1.19.7
2021-07-06 05:26:42 status half-configured dpkg 1.19.7
2021-07-06 05:26:42 status unpacked dpkg 1.19.7
2021-07-06 05:26:42 status half-installed dpkg 1.19.7
2021-07-06 05:26:43 status unpacked dpkg:amd64 1.19.7
2021-07-06 05:26:43 configure dpkg:amd64 1.19.7 1.19.7
2021-07-06 05:26:43 status half-configured dpkg:amd64 1.19.7
2021-07-06 05:26:43 status installed dpkg:amd64 1.19.7
2021-07-06 05:26:43 startup archives install
2021-07-06 05:26:43 install libc6:amd64 <none> 2.28-10
2021-07-06 05:26:43 status half-installed libc6:amd64 2.28-10
2021-07-06 05:26:44 status unpacked libc6:amd64 2.28-10
2021-07-06 05:26:44 configure libc6:amd64 2.28-10 2.28-10
2021-07-06 05:26:44 status half-configured libc6:amd64 2.28-10
2021-07-06 05:26:44 status installed libc6:amd64 2.28-10
2021-07-06 05:26:44 startup archives install
2021-07-06 05:26:44 install perl-base:amd64 <none> 5.28.1-6+deb10u1
2021-07-06 05:26:44 status half-installed perl-base:amd64 5.28.1-6+deb10u1
2021-07-06 05:26:44 status unpacked perl-base:amd64 5.28.1-6+deb10u1
2021-07-06 05:26:44 configure perl-base:amd64 5.28.1-6+deb10u1 5.28.1-6+deb10u1
2021-07-06 05:26:44 status half-configured perl-base:amd64 5.28.1-6+deb10u1
2021-07-06 05:26:44 status installed perl-base:amd64 5.28.1-6+deb10u1
2021-07-06 05:26:44 startup archives install
2021-07-06 05:26:44 install mawk:amd64 <none> 1.3.3-17+b3
2021-07-06 05:26:44 status half-installed mawk:amd64 1.3.3-17+b3
2021-07-06 05:26:44 status unpacked mawk:amd64 1.3.3-17+b3
2021-07-06 05:26:44 configure mawk:amd64 1.3.3-17+b3 1.3.3-17+b3
2021-07-06 05:26:44 status half-configured mawk:amd64 1.3.3-17+b3
2021-07-06 05:26:44 status installed mawk:amd64 1.3.3-17+b3
2021-07-06 05:26:44 startup archives unpack
2021-07-06 05:26:44 install libacl1:amd64 <none> 2.2.53-4
2021-07-06 05:26:44 status half-installed libacl1:amd64 2.2.53-4
2021-07-06 05:26:44 status unpacked libacl1:amd64 2.2.53-4
2021-07-06 05:26:44 install adduser:all <none> 3.118
2021-07-06 05:26:44 status half-installed adduser:all 3.118
2021-07-06 05:26:44 status unpacked adduser:all 3.118
2021-07-06 05:26:44 install apt:amd64 <none> 1.8.2.3
2021-07-06 05:26:44 status half-installed apt:amd64 1.8.2.3
2021-07-06 05:26:45 status unpacked apt:amd64 1.8.2.3
2021-07-06 05:26:45 install libapt-pkg5.0:amd64 <none> 1.8.2.3
2021-07-06 05:26:45 status half-installed libapt-pkg5.0:amd64 1.8.2.3
2021-07-06 05:26:45 status unpacked libapt-pkg5.0:amd64 1.8.2.3
2021-07-06 05:26:45 install libattr1:amd64 <none> 1:2.4.48-4
2021-07-06 05:26:45 status half-installed libattr1:amd64 1:2.4.48-4
2021-07-06 05:26:45 status unpacked libattr1:amd64 1:2.4.48-4
2021-07-06 05:26:45 install libaudit-common:all <none> 1:2.8.4-3
2021-07-06 05:26:45 status half-installed libaudit-common:all 1:2.8.4-3
2021-07-06 05:26:45 status unpacked libaudit-common:all 1:2.8.4-3
2021-07-06 05:26:45 install libaudit1:amd64 <none> 1:2.8.4-3
2021-07-06 05:26:45 status half-installed libaudit1:amd64 1:2.8.4-3
2021-07-06 05:26:45 status unpacked libaudit1:amd64 1:2.8.4-3
2021-07-06 05:26:45 upgrade base-files:amd64 10.3+deb10u10 10.3+deb10u10
2021-07-06 05:26:45 status half-configured base-files:amd64 10.3+deb10u10
2021-07-06 05:26:45 status unpacked base-files:amd64 10.3+deb10u10
2021-07-06 05:26:45 status half-installed base-files:amd64 10.3+deb10u10
2021-07-06 05:26:45 status unpacked base-files:amd64 10.3+deb10u10
2021-07-06 05:26:45 upgrade base-passwd:amd64 3.5.46 3.5.46
2021-07-06 05:26:45 status half-configured base-passwd:amd64 3.5.46
2021-07-06 05:26:45 status unpacked base-passwd:amd64 3.5.46
2021-07-06 05:26:45 status half-installed base-passwd:amd64 3.5.46
2021-07-06 05:26:45 status unpacked base-passwd:amd64 3.5.46
2021-07-06 05:26:45 install bash:amd64 <none> 5.0-4
2021-07-06 05:26:45 status half-installed bash:amd64 5.0-4
2021-07-06 05:26:45 status unpacked bash:amd64 5.0-4
2021-07-06 05:26:45 install libbz2-1.0:amd64 <none> 1.0.6-9.2~deb10u1
2021-07-06 05:26:45 status half-installed libbz2-1.0:amd64 1.0.6-9.2~deb10u1
2021-07-06 05:26:45 status unpacked libbz2-1.0:amd64 1.0.6-9.2~deb10u1
2021-07-06 05:26:45 install libdebconfclient0:amd64 <none> 0.249
2021-07-06 05:26:45 status half-installed libdebconfclient0:amd64 0.249
2021-07-06 05:26:45 status unpacked libdebconfclient0:amd64 0.249
2021-07-06 05:26:45 install coreutils:amd64 <none> 8.30-3
2021-07-06 05:26:45 status half-installed coreutils:amd64 8.30-3
2021-07-06 05:26:46 status unpacked coreutils:amd64 8.30-3
2021-07-06 05:26:46 install dash:amd64 <none> 0.5.10.2-5
2021-07-06 05:26:46 status half-installed dash:amd64 0.5.10.2-5
2021-07-06 05:26:46 status unpacked dash:amd64 0.5.10.2-5
2021-07-06 05:26:46 install libdb5.3:amd64 <none> 5.3.28+dfsg1-0.5
2021-07-06 05:26:46 status half-installed libdb5.3:amd64 5.3.28+dfsg1-0.5
2021-07-06 05:26:46 status unpacked libdb5.3:amd64 5.3.28+dfsg1-0.5
2021-07-06 05:26:46 install debconf:all <none> 1.5.71
2021-07-06 05:26:46 status half-installed debconf:all 1.5.71
2021-07-06 05:26:46 status unpacked debconf:all 1.5.71
2021-07-06 05:26:46 install debian-archive-keyring:all <none> 2019.1+deb10u1
2021-07-06 05:26:46 status half-installed debian-archive-keyring:all 2019.1+deb10u1
2021-07-06 05:26:46 status unpacked debian-archive-keyring:all 2019.1+deb10u1
2021-07-06 05:26:46 install debianutils:amd64 <none> 4.8.6.1
2021-07-06 05:26:46 status half-installed debianutils:amd64 4.8.6.1
2021-07-06 05:26:46 status unpacked debianutils:amd64 4.8.6.1
2021-07-06 05:26:46 install diffutils:amd64 <none> 1:3.7-3
2021-07-06 05:26:46 status half-installed diffutils:amd64 1:3.7-3
2021-07-06 05:26:46 status unpacked diffutils:amd64 1:3.7-3
2021-07-06 05:26:46 upgrade dpkg:amd64 1.19.7 1.19.7
2021-07-06 05:26:46 status half-configured dpkg:amd64 1.19.7
2021-07-06 05:26:46 status unpacked dpkg:amd64 1.19.7
2021-07-06 05:26:46 status half-installed dpkg:amd64 1.19.7
2021-07-06 05:26:47 status unpacked dpkg:amd64 1.19.7
2021-07-06 05:26:47 install e2fsprogs:amd64 <none> 1.44.5-1+deb10u3
2021-07-06 05:26:47 status half-installed e2fsprogs:amd64 1.44.5-1+deb10u3
2021-07-06 05:26:47 status unpacked e2fsprogs:amd64 1.44.5-1+deb10u3
2021-07-06 05:26:47 install libcom-err2:amd64 <none> 1.44.5-1+deb10u3
2021-07-06 05:26:47 status half-installed libcom-err2:amd64 1.44.5-1+deb10u3
2021-07-06 05:26:47 status unpacked libcom-err2:amd64 1.44.5-1+deb10u3
2021-07-06 05:26:47 install libext2fs2:amd64 <none> 1.44.5-1+deb10u3
2021-07-06 05:26:47 status half-installed libext2fs2:amd64 1.44.5-1+deb10u3
2021-07-06 05:26:47 status unpacked libext2fs2:amd64 1.44.5-1+deb10u3
2021-07-06 05:26:47 install libss2:amd64 <none> 1.44.5-1+deb10u3
2021-07-06 05:26:47 status half-installed libss2:amd64 1.44.5-1+deb10u3
2021-07-06 05:26:47 status unpacked libss2:amd64 1.44.5-1+deb10u3
2021-07-06 05:26:47 install findutils:amd64 <none> 4.6.0+git+20190209-2
2021-07-06 05:26:47 status half-installed findutils:amd64 4.6.0+git+20190209-2
2021-07-06 05:26:47 status unpacked findutils:amd64 4.6.0+git+20190209-2
2021-07-06 05:26:47 install gcc-8-base:amd64 <none> 8.3.0-6
2021-07-06 05:26:47 status half-installed gcc-8-base:amd64 8.3.0-6
2021-07-06 05:26:47 status unpacked gcc-8-base:amd64 8.3.0-6
2021-07-06 05:26:47 install libgcc1:amd64 <none> 1:8.3.0-6
2021-07-06 05:26:47 status half-installed libgcc1:amd64 1:8.3.0-6
2021-07-06 05:26:47 status unpacked libgcc1:amd64 1:8.3.0-6
2021-07-06 05:26:47 install libstdc++6:amd64 <none> 8.3.0-6
2021-07-06 05:26:47 status half-installed libstdc++6:amd64 8.3.0-6
2021-07-06 05:26:47 status unpacked libstdc++6:amd64 8.3.0-6
2021-07-06 05:26:47 install libc-bin:amd64 <none> 2.28-10
2021-07-06 05:26:47 status half-installed libc-bin:amd64 2.28-10
2021-07-06 05:26:47 status unpacked libc-bin:amd64 2.28-10
2021-07-06 05:26:47 upgrade libc6:amd64 2.28-10 2.28-10
2021-07-06 05:26:47 status half-configured libc6:amd64 2.28-10
2021-07-06 05:26:47 status unpacked libc6:amd64 2.28-10
2021-07-06 05:26:47 status half-installed libc6:amd64 2.28-10
2021-07-06 05:26:48 status unpacked libc6:amd64 2.28-10
2021-07-06 05:26:48 install libgmp10:amd64 <none> 2:6.1.2+dfsg-4
2021-07-06 05:26:48 status half-installed libgmp10:amd64 2:6.1.2+dfsg-4
2021-07-06 05:26:48 status unpacked libgmp10:amd64 2:6.1.2+dfsg-4
2021-07-06 05:26:48 install gpgv:amd64 <none> 2.2.12-1+deb10u1
2021-07-06 05:26:48 status half-installed gpgv:amd64 2.2.12-1+deb10u1
2021-07-06 05:26:48 status unpacked gpgv:amd64 2.2.12-1+deb10u1
2021-07-06 05:26:48 install libgnutls30:amd64 <none> 3.6.7-4+deb10u7
2021-07-06 05:26:48 status half-installed libgnutls30:amd64 3.6.7-4+deb10u7
2021-07-06 05:26:48 status unpacked libgnutls30:amd64 3.6.7-4+deb10u7
2021-07-06 05:26:48 install grep:amd64 <none> 3.3-1
2021-07-06 05:26:48 status half-installed grep:amd64 3.3-1
2021-07-06 05:26:49 status unpacked grep:amd64 3.3-1
2021-07-06 05:26:49 install gzip:amd64 <none> 1.9-3
2021-07-06 05:26:49 status half-installed gzip:amd64 1.9-3
2021-07-06 05:26:49 status unpacked gzip:amd64 1.9-3
2021-07-06 05:26:49 install hostname:amd64 <none> 3.21
2021-07-06 05:26:49 status half-installed hostname:amd64 3.21
2021-07-06 05:26:49 status unpacked hostname:amd64 3.21
2021-07-06 05:26:49 install init-system-helpers:all <none> 1.56+nmu1
2021-07-06 05:26:49 status half-installed init-system-helpers:all 1.56+nmu1
2021-07-06 05:26:49 status unpacked init-system-helpers:all 1.56+nmu1
2021-07-06 05:26:49 install libcap-ng0:amd64 <none> 0.7.9-2
2021-07-06 05:26:49 status half-installed libcap-ng0:amd64 0.7.9-2
2021-07-06 05:26:49 status unpacked libcap-ng0:amd64 0.7.9-2
2021-07-06 05:26:49 install libffi6:amd64 <none> 3.2.1-9
2021-07-06 05:26:49 status half-installed libffi6:amd64 3.2.1-9
2021-07-06 05:26:49 status unpacked libffi6:amd64 3.2.1-9
2021-07-06 05:26:49 install libgcrypt20:amd64 <none> 1.8.4-5+deb10u1
2021-07-06 05:26:49 status half-installed libgcrypt20:amd64 1.8.4-5+deb10u1
2021-07-06 05:26:49 status unpacked libgcrypt20:amd64 1.8.4-5+deb10u1
2021-07-06 05:26:49 install libgpg-error0:amd64 <none> 1.35-1
2021-07-06 05:26:49 status half-installed libgpg-error0:amd64 1.35-1
2021-07-06 05:26:49 status unpacked libgpg-error0:amd64 1.35-1
2021-07-06 05:26:49 install libidn2-0:amd64 <none> 2.0.5-1+deb10u1
2021-07-06 05:26:49 status half-installed libidn2-0:amd64 2.0.5-1+deb10u1
2021-07-06 05:26:49 status unpacked libidn2-0:amd64 2.0.5-1+deb10u1
2021-07-06 05:26:49 install libseccomp2:amd64 <none> 2.3.3-4
2021-07-06 05:26:49 status half-installed libseccomp2:amd64 2.3.3-4
2021-07-06 05:26:49 status unpacked libseccomp2:amd64 2.3.3-4
2021-07-06 05:26:49 install libselinux1:amd64 <none> 2.8-1+b1
2021-07-06 05:26:49 status half-installed libselinux1:amd64 2.8-1+b1
2021-07-06 05:26:49 status unpacked libselinux1:amd64 2.8-1+b1
2021-07-06 05:26:49 install libsemanage-common:all <none> 2.8-2
2021-07-06 05:26:49 status half-installed libsemanage-common:all 2.8-2
2021-07-06 05:26:49 status unpacked libsemanage-common:all 2.8-2
2021-07-06 05:26:49 install libsemanage1:amd64 <none> 2.8-2
2021-07-06 05:26:49 status half-installed libsemanage1:amd64 2.8-2
2021-07-06 05:26:49 status unpacked libsemanage1:amd64 2.8-2
2021-07-06 05:26:49 install libsepol1:amd64 <none> 2.8-1
2021-07-06 05:26:49 status half-installed libsepol1:amd64 2.8-1
2021-07-06 05:26:49 status unpacked libsepol1:amd64 2.8-1
2021-07-06 05:26:49 install libtasn1-6:amd64 <none> 4.13-3
2021-07-06 05:26:49 status half-installed libtasn1-6:amd64 4.13-3
2021-07-06 05:26:49 status unpacked libtasn1-6:amd64 4.13-3
2021-07-06 05:26:49 install libunistring2:amd64 <none> 0.9.10-1
2021-07-06 05:26:49 status half-installed libunistring2:amd64 0.9.10-1
2021-07-06 05:26:49 status unpacked libunistring2:amd64 0.9.10-1
2021-07-06 05:26:49 install libzstd1:amd64 <none> 1.3.8+dfsg-3+deb10u2
2021-07-06 05:26:49 status half-installed libzstd1:amd64 1.3.8+dfsg-3+deb10u2
2021-07-06 05:26:49 status unpacked libzstd1:amd64 1.3.8+dfsg-3+deb10u2
2021-07-06 05:26:49 install liblz4-1:amd64 <none> 1.8.3-1+deb10u1
2021-07-06 05:26:49 status half-installed liblz4-1:amd64 1.8.3-1+deb10u1
2021-07-06 05:26:49 status unpacked liblz4-1:amd64 1.8.3-1+deb10u1
2021-07-06 05:26:49 upgrade mawk:amd64 1.3.3-17+b3 1.3.3-17+b3
2021-07-06 05:26:49 status half-configured mawk:amd64 1.3.3-17+b3
2021-07-06 05:26:49 status unpacked mawk:amd64 1.3.3-17+b3
2021-07-06 05:26:49 status half-installed mawk:amd64 1.3.3-17+b3
2021-07-06 05:26:49 status unpacked mawk:amd64 1.3.3-17+b3
2021-07-06 05:26:49 install libncursesw6:amd64 <none> 6.1+20181013-2+deb10u2
2021-07-06 05:26:49 status half-installed libncursesw6:amd64 6.1+20181013-2+deb10u2
2021-07-06 05:26:49 status unpacked libncursesw6:amd64 6.1+20181013-2+deb10u2
2021-07-06 05:26:49 install libtinfo6:amd64 <none> 6.1+20181013-2+deb10u2
2021-07-06 05:26:49 status half-installed libtinfo6:amd64 6.1+20181013-2+deb10u2
2021-07-06 05:26:49 status unpacked libtinfo6:amd64 6.1+20181013-2+deb10u2
2021-07-06 05:26:49 install ncurses-base:all <none> 6.1+20181013-2+deb10u2
2021-07-06 05:26:49 status half-installed ncurses-base:all 6.1+20181013-2+deb10u2
2021-07-06 05:26:49 status unpacked ncurses-base:all 6.1+20181013-2+deb10u2
2021-07-06 05:26:49 install ncurses-bin:amd64 <none> 6.1+20181013-2+deb10u2
2021-07-06 05:26:49 status half-installed ncurses-bin:amd64 6.1+20181013-2+deb10u2
2021-07-06 05:26:49 status unpacked ncurses-bin:amd64 6.1+20181013-2+deb10u2
2021-07-06 05:26:49 install libhogweed4:amd64 <none> 3.4.1-1
2021-07-06 05:26:49 status half-installed libhogweed4:amd64 3.4.1-1
2021-07-06 05:26:49 status unpacked libhogweed4:amd64 3.4.1-1
2021-07-06 05:26:49 install libnettle6:amd64 <none> 3.4.1-1
2021-07-06 05:26:49 status half-installed libnettle6:amd64 3.4.1-1
2021-07-06 05:26:49 status unpacked libnettle6:amd64 3.4.1-1
2021-07-06 05:26:49 install libp11-kit0:amd64 <none> 0.23.15-2+deb10u1
2021-07-06 05:26:49 status half-installed libp11-kit0:amd64 0.23.15-2+deb10u1
2021-07-06 05:26:49 status unpacked libp11-kit0:amd64 0.23.15-2+deb10u1
2021-07-06 05:26:49 install libpam-modules:amd64 <none> 1.3.1-5
2021-07-06 05:26:49 status half-installed libpam-modules:amd64 1.3.1-5
2021-07-06 05:26:50 status unpacked libpam-modules:amd64 1.3.1-5
2021-07-06 05:26:50 install libpam-modules-bin:amd64 <none> 1.3.1-5
2021-07-06 05:26:50 status half-installed libpam-modules-bin:amd64 1.3.1-5
2021-07-06 05:26:50 status unpacked libpam-modules-bin:amd64 1.3.1-5
2021-07-06 05:26:50 install libpam-runtime:all <none> 1.3.1-5
2021-07-06 05:26:50 status half-installed libpam-runtime:all 1.3.1-5
2021-07-06 05:26:50 status unpacked libpam-runtime:all 1.3.1-5
2021-07-06 05:26:50 install libpam0g:amd64 <none> 1.3.1-5
2021-07-06 05:26:50 status half-installed libpam0g:amd64 1.3.1-5
2021-07-06 05:26:50 status unpacked libpam0g:amd64 1.3.1-5
2021-07-06 05:26:50 install libpcre3:amd64 <none> 2:8.39-12
2021-07-06 05:26:50 status half-installed libpcre3:amd64 2:8.39-12
2021-07-06 05:26:50 status unpacked libpcre3:amd64 2:8.39-12
2021-07-06 05:26:50 upgrade perl-base:amd64 5.28.1-6+deb10u1 5.28.1-6+deb10u1
2021-07-06 05:26:50 status half-configured perl-base:amd64 5.28.1-6+deb10u1
2021-07-06 05:26:50 status unpacked perl-base:amd64 5.28.1-6+deb10u1
2021-07-06 05:26:50 status half-installed perl-base:amd64 5.28.1-6+deb10u1
2021-07-06 05:26:50 status unpacked perl-base:amd64 5.28.1-6+deb10u1
2021-07-06 05:26:50 install sed:amd64 <none> 4.7-1
2021-07-06 05:26:50 status half-installed sed:amd64 4.7-1
2021-07-06 05:26:50 status unpacked sed:amd64 4.7-1
2021-07-06 05:26:50 install login:amd64 <none> 1:4.5-1.1
2021-07-06 05:26:50 status half-installed login:amd64 1:4.5-1.1
2021-07-06 05:26:50 status unpacked login:amd64 1:4.5-1.1
2021-07-06 05:26:50 install passwd:amd64 <none> 1:4.5-1.1
2021-07-06 05:26:50 status half-installed passwd:amd64 1:4.5-1.1
2021-07-06 05:26:51 status unpacked passwd:amd64 1:4.5-1.1
2021-07-06 05:26:51 install libsystemd0:amd64 <none> 241-7~deb10u7
2021-07-06 05:26:51 status half-installed libsystemd0:amd64 241-7~deb10u7
2021-07-06 05:26:51 status unpacked libsystemd0:amd64 241-7~deb10u7
2021-07-06 05:26:51 install libudev1:amd64 <none> 241-7~deb10u7
2021-07-06 05:26:51 status half-installed libudev1:amd64 241-7~deb10u7
2021-07-06 05:26:51 status unpacked libudev1:amd64 241-7~deb10u7
2021-07-06 05:26:51 install sysvinit-utils:amd64 <none> 2.93-8
2021-07-06 05:26:51 status half-installed sysvinit-utils:amd64 2.93-8
2021-07-06 05:26:51 status unpacked sysvinit-utils:amd64 2.93-8
2021-07-06 05:26:51 install tar:amd64 <none> 1.30+dfsg-6
2021-07-06 05:26:51 status half-installed tar:amd64 1.30+dfsg-6
2021-07-06 05:26:51 status unpacked tar:amd64 1.30+dfsg-6
2021-07-06 05:26:51 install tzdata:all <none> 2021a-0+deb10u1
2021-07-06 05:26:51 status half-installed tzdata:all 2021a-0+deb10u1
2021-07-06 05:26:51 status unpacked tzdata:all 2021a-0+deb10u1
2021-07-06 05:26:51 install bsdutils:amd64 <none> 1:2.33.1-0.1
2021-07-06 05:26:51 status half-installed bsdutils:amd64 1:2.33.1-0.1
2021-07-06 05:26:51 status unpacked bsdutils:amd64 1:2.33.1-0.1
2021-07-06 05:26:51 install fdisk:amd64 <none> 2.33.1-0.1
2021-07-06 05:26:51 status half-installed fdisk:amd64 2.33.1-0.1
2021-07-06 05:26:51 status unpacked fdisk:amd64 2.33.1-0.1
2021-07-06 05:26:51 install libblkid1:amd64 <none> 2.33.1-0.1
2021-07-06 05:26:51 status half-installed libblkid1:amd64 2.33.1-0.1
2021-07-06 05:26:51 status unpacked libblkid1:amd64 2.33.1-0.1
2021-07-06 05:26:51 install libfdisk1:amd64 <none> 2.33.1-0.1
2021-07-06 05:26:51 status half-installed libfdisk1:amd64 2.33.1-0.1
2021-07-06 05:26:51 status unpacked libfdisk1:amd64 2.33.1-0.1
2021-07-06 05:26:51 install libmount1:amd64 <none> 2.33.1-0.1
2021-07-06 05:26:51 status half-installed libmount1:amd64 2.33.1-0.1
2021-07-06 05:26:51 status unpacked libmount1:amd64 2.33.1-0.1
2021-07-06 05:26:51 install libsmartcols1:amd64 <none> 2.33.1-0.1
2021-07-06 05:26:51 status half-installed libsmartcols1:amd64 2.33.1-0.1
2021-07-06 05:26:51 status unpacked libsmartcols1:amd64 2.33.1-0.1
2021-07-06 05:26:51 install libuuid1:amd64 <none> 2.33.1-0.1
2021-07-06 05:26:51 status half-installed libuuid1:amd64 2.33.1-0.1
2021-07-06 05:26:51 status unpacked libuuid1:amd64 2.33.1-0.1
2021-07-06 05:26:51 install mount:amd64 <none> 2.33.1-0.1
2021-07-06 05:26:51 status half-installed mount:amd64 2.33.1-0.1
2021-07-06 05:26:51 status unpacked mount:amd64 2.33.1-0.1
2021-07-06 05:26:51 install util-linux:amd64 <none> 2.33.1-0.1
2021-07-06 05:26:51 status half-installed util-linux:amd64 2.33.1-0.1
2021-07-06 05:26:52 status unpacked util-linux:amd64 2.33.1-0.1
2021-07-06 05:26:52 install liblzma5:amd64 <none> 5.2.4-1
2021-07-06 05:26:52 status half-installed liblzma5:amd64 5.2.4-1
2021-07-06 05:26:52 status unpacked liblzma5:amd64 5.2.4-1
2021-07-06 05:26:52 install zlib1g:amd64 <none> 1:1.2.11.dfsg-1
2021-07-06 05:26:52 status half-installed zlib1g:amd64 1:1.2.11.dfsg-1
2021-07-06 05:26:52 status unpacked zlib1g:amd64 1:1.2.11.dfsg-1
2021-07-06 05:26:52 startup packages configure
2021-07-06 05:26:52 configure debian-archive-keyring:all 2019.1+deb10u1 <none>
2021-07-06 05:26:52 status unpacked debian-archive-keyring:all 2019.1+deb10u1
2021-07-06 05:26:52 status half-configured debian-archive-keyring:all 2019.1+deb10u1
2021-07-06 05:26:52 status installed debian-archive-keyring:all 2019.1+deb10u1
2021-07-06 05:26:52 configure libaudit-common:all 1:2.8.4-3 <none>
2021-07-06 05:26:52 status unpacked libaudit-common:all 1:2.8.4-3
2021-07-06 05:26:52 status half-configured libaudit-common:all 1:2.8.4-3
2021-07-06 05:26:52 status installed libaudit-common:all 1:2.8.4-3
2021-07-06 05:26:52 configure libsemanage-common:all 2.8-2 <none>
2021-07-06 05:26:52 status unpacked libsemanage-common:all 2.8-2
2021-07-06 05:26:52 status half-configured libsemanage-common:all 2.8-2
2021-07-06 05:26:52 status installed libsemanage-common:all 2.8-2
2021-07-06 05:26:52 configure ncurses-base:all 6.1+20181013-2+deb10u2 <none>
2021-07-06 05:26:52 status unpacked ncurses-base:all 6.1+20181013-2+deb10u2
2021-07-06 05:26:52 status half-configured ncurses-base:all 6.1+20181013-2+deb10u2
2021-07-06 05:26:52 status installed ncurses-base:all 6.1+20181013-2+deb10u2
2021-07-06 05:26:52 configure gcc-8-base:amd64 8.3.0-6 <none>
2021-07-06 05:26:52 status unpacked gcc-8-base:amd64 8.3.0-6
2021-07-06 05:26:52 status half-configured gcc-8-base:amd64 8.3.0-6
2021-07-06 05:26:52 status installed gcc-8-base:amd64 8.3.0-6
2021-07-06 05:26:52 configure libc6:amd64 2.28-10 <none>
2021-07-06 05:26:52 status unpacked libc6:amd64 2.28-10
2021-07-06 05:26:52 status half-configured libc6:amd64 2.28-10
2021-07-06 05:26:52 status installed libc6:amd64 2.28-10
2021-07-06 05:26:52 configure libudev1:amd64 241-7~deb10u7 <none>
2021-07-06 05:26:52 status unpacked libudev1:amd64 241-7~deb10u7
2021-07-06 05:26:52 status half-configured libudev1:amd64 241-7~deb10u7
2021-07-06 05:26:52 status installed libudev1:amd64 241-7~deb10u7
2021-07-06 05:26:52 configure libsepol1:amd64 2.8-1 <none>
2021-07-06 05:26:52 status unpacked libsepol1:amd64 2.8-1
2021-07-06 05:26:52 status half-configured libsepol1:amd64 2.8-1
2021-07-06 05:26:52 status installed libsepol1:amd64 2.8-1
2021-07-06 05:26:52 configure libattr1:amd64 1:2.4.48-4 <none>
2021-07-06 05:26:52 status unpacked libattr1:amd64 1:2.4.48-4
2021-07-06 05:26:52 status half-configured libattr1:amd64 1:2.4.48-4
2021-07-06 05:26:52 status installed libattr1:amd64 1:2.4.48-4
2021-07-06 05:26:52 configure libtasn1-6:amd64 4.13-3 <none>
2021-07-06 05:26:52 status unpacked libtasn1-6:amd64 4.13-3
2021-07-06 05:26:52 status half-configured libtasn1-6:amd64 4.13-3
2021-07-06 05:26:52 status installed libtasn1-6:amd64 4.13-3
2021-07-06 05:26:52 configure debianutils:amd64 4.8.6.1 <none>
2021-07-06 05:26:52 status unpacked debianutils:amd64 4.8.6.1
2021-07-06 05:26:52 status half-configured debianutils:amd64 4.8.6.1
2021-07-06 05:26:52 status installed debianutils:amd64 4.8.6.1
2021-07-06 05:26:52 configure mawk:amd64 1.3.3-17+b3 <none>
2021-07-06 05:26:52 status unpacked mawk:amd64 1.3.3-17+b3
2021-07-06 05:26:52 status half-configured mawk:amd64 1.3.3-17+b3
2021-07-06 05:26:52 status installed mawk:amd64 1.3.3-17+b3
2021-07-06 05:26:52 configure libdebconfclient0:amd64 0.249 <none>
2021-07-06 05:26:52 status unpacked libdebconfclient0:amd64 0.249
2021-07-06 05:26:52 status half-configured libdebconfclient0:amd64 0.249
2021-07-06 05:26:52 status installed libdebconfclient0:amd64 0.249
2021-07-06 05:26:52 configure base-files:amd64 10.3+deb10u10 <none>
2021-07-06 05:26:52 status unpacked base-files:amd64 10.3+deb10u10
2021-07-06 05:26:52 status half-configured base-files:amd64 10.3+deb10u10
2021-07-06 05:26:52 status installed base-files:amd64 10.3+deb10u10
2021-07-06 05:26:52 configure libbz2-1.0:amd64 1.0.6-9.2~deb10u1 <none>
2021-07-06 05:26:52 status unpacked libbz2-1.0:amd64 1.0.6-9.2~deb10u1
2021-07-06 05:26:52 status half-configured libbz2-1.0:amd64 1.0.6-9.2~deb10u1
2021-07-06 05:26:52 status installed libbz2-1.0:amd64 1.0.6-9.2~deb10u1
2021-07-06 05:26:52 configure base-passwd:amd64 3.5.46 <none>
2021-07-06 05:26:52 status unpacked base-passwd:amd64 3.5.46
2021-07-06 05:26:52 status half-configured base-passwd:amd64 3.5.46
2021-07-06 05:26:52 status installed base-passwd:amd64 3.5.46
2021-07-06 05:26:52 configure libdb5.3:amd64 5.3.28+dfsg1-0.5 <none>
2021-07-06 05:26:52 status unpacked libdb5.3:amd64 5.3.28+dfsg1-0.5
2021-07-06 05:26:52 status half-configured libdb5.3:amd64 5.3.28+dfsg1-0.5
2021-07-06 05:26:52 status installed libdb5.3:amd64 5.3.28+dfsg1-0.5
2021-07-06 05:26:52 configure libtinfo6:amd64 6.1+20181013-2+deb10u2 <none>
2021-07-06 05:26:52 status unpacked libtinfo6:amd64 6.1+20181013-2+deb10u2
2021-07-06 05:26:52 status half-configured libtinfo6:amd64 6.1+20181013-2+deb10u2
2021-07-06 05:26:52 status installed libtinfo6:amd64 6.1+20181013-2+deb10u2
2021-07-06 05:26:52 configure bash:amd64 5.0-4 <none>
2021-07-06 05:26:52 status unpacked bash:amd64 5.0-4
2021-07-06 05:26:52 status half-configured bash:amd64 5.0-4
2021-07-06 05:26:52 status installed bash:amd64 5.0-4
2021-07-06 05:26:52 configure libzstd1:amd64 1.3.8+dfsg-3+deb10u2 <none>
2021-07-06 05:26:52 status unpacked libzstd1:amd64 1.3.8+dfsg-3+deb10u2
2021-07-06 05:26:52 status half-configured libzstd1:amd64 1.3.8+dfsg-3+deb10u2
2021-07-06 05:26:52 status installed libzstd1:amd64 1.3.8+dfsg-3+deb10u2
2021-07-06 05:26:52 configure liblzma5:amd64 5.2.4-1 <none>
2021-07-06 05:26:52 status unpacked liblzma5:amd64 5.2.4-1
2021-07-06 05:26:52 status half-configured liblzma5:amd64 5.2.4-1
2021-07-06 05:26:52 status installed liblzma5:amd64 5.2.4-1
2021-07-06 05:26:52 configure libgpg-error0:amd64 1.35-1 <none>
2021-07-06 05:26:52 status unpacked libgpg-error0:amd64 1.35-1
2021-07-06 05:26:52 status half-configured libgpg-error0:amd64 1.35-1
2021-07-06 05:26:52 status installed libgpg-error0:amd64 1.35-1
2021-07-06 05:26:52 configure libgcc1:amd64 1:8.3.0-6 <none>
2021-07-06 05:26:52 status unpacked libgcc1:amd64 1:8.3.0-6
2021-07-06 05:26:52 status half-configured libgcc1:amd64 1:8.3.0-6
2021-07-06 05:26:52 status installed libgcc1:amd64 1:8.3.0-6
2021-07-06 05:26:52 configure liblz4-1:amd64 1.8.3-1+deb10u1 <none>
2021-07-06 05:26:52 status unpacked liblz4-1:amd64 1.8.3-1+deb10u1
2021-07-06 05:26:52 status half-configured liblz4-1:amd64 1.8.3-1+deb10u1
2021-07-06 05:26:52 status installed liblz4-1:amd64 1.8.3-1+deb10u1
2021-07-06 05:26:52 configure libc-bin:amd64 2.28-10 <none>
2021-07-06 05:26:52 status unpacked libc-bin:amd64 2.28-10
2021-07-06 05:26:52 status half-configured libc-bin:amd64 2.28-10
2021-07-06 05:26:52 status installed libc-bin:amd64 2.28-10
2021-07-06 05:26:52 configure ncurses-bin:amd64 6.1+20181013-2+deb10u2 <none>
2021-07-06 05:26:52 status unpacked ncurses-bin:amd64 6.1+20181013-2+deb10u2
2021-07-06 05:26:52 status half-configured ncurses-bin:amd64 6.1+20181013-2+deb10u2
2021-07-06 05:26:52 status installed ncurses-bin:amd64 6.1+20181013-2+deb10u2
2021-07-06 05:26:52 configure libacl1:amd64 2.2.53-4 <none>
2021-07-06 05:26:52 status triggers-pending libc-bin:amd64 2.28-10
2021-07-06 05:26:52 status unpacked libacl1:amd64 2.2.53-4
2021-07-06 05:26:52 status half-configured libacl1:amd64 2.2.53-4
2021-07-06 05:26:52 status installed libacl1:amd64 2.2.53-4
2021-07-06 05:26:52 configure libunistring2:amd64 0.9.10-1 <none>
2021-07-06 05:26:52 status unpacked libunistring2:amd64 0.9.10-1
2021-07-06 05:26:52 status half-configured libunistring2:amd64 0.9.10-1
2021-07-06 05:26:52 status installed libunistring2:amd64 0.9.10-1
2021-07-06 05:26:52 configure libsmartcols1:amd64 2.33.1-0.1 <none>
2021-07-06 05:26:52 status unpacked libsmartcols1:amd64 2.33.1-0.1
2021-07-06 05:26:52 status half-configured libsmartcols1:amd64 2.33.1-0.1
2021-07-06 05:26:52 status installed libsmartcols1:amd64 2.33.1-0.1
2021-07-06 05:26:52 configure libgcrypt20:amd64 1.8.4-5+deb10u1 <none>
2021-07-06 05:26:52 status unpacked libgcrypt20:amd64 1.8.4-5+deb10u1
2021-07-06 05:26:52 status half-configured libgcrypt20:amd64 1.8.4-5+deb10u1
2021-07-06 05:26:52 status installed libgcrypt20:amd64 1.8.4-5+deb10u1
2021-07-06 05:26:52 configure zlib1g:amd64 1:1.2.11.dfsg-1 <none>
2021-07-06 05:26:52 status unpacked zlib1g:amd64 1:1.2.11.dfsg-1
2021-07-06 05:26:52 status half-configured zlib1g:amd64 1:1.2.11.dfsg-1
2021-07-06 05:26:52 status installed zlib1g:amd64 1:1.2.11.dfsg-1
2021-07-06 05:26:52 configure libffi6:amd64 3.2.1-9 <none>
2021-07-06 05:26:52 status unpacked libffi6:amd64 3.2.1-9
2021-07-06 05:26:52 status half-configured libffi6:amd64 3.2.1-9
2021-07-06 05:26:52 status installed libffi6:amd64 3.2.1-9
2021-07-06 05:26:52 configure libidn2-0:amd64 2.0.5-1+deb10u1 <none>
2021-07-06 05:26:52 status unpacked libidn2-0:amd64 2.0.5-1+deb10u1
2021-07-06 05:26:52 status half-configured libidn2-0:amd64 2.0.5-1+deb10u1
2021-07-06 05:26:52 status installed libidn2-0:amd64 2.0.5-1+deb10u1
2021-07-06 05:26:52 configure libcom-err2:amd64 1.44.5-1+deb10u3 <none>
2021-07-06 05:26:52 status unpacked libcom-err2:amd64 1.44.5-1+deb10u3
2021-07-06 05:26:52 status half-configured libcom-err2:amd64 1.44.5-1+deb10u3
2021-07-06 05:26:52 status installed libcom-err2:amd64 1.44.5-1+deb10u3
2021-07-06 05:26:52 configure diffutils:amd64 1:3.7-3 <none>
2021-07-06 05:26:52 status unpacked diffutils:amd64 1:3.7-3
2021-07-06 05:26:52 status half-configured diffutils:amd64 1:3.7-3
2021-07-06 05:26:52 status installed diffutils:amd64 1:3.7-3
2021-07-06 05:26:52 configure libseccomp2:amd64 2.3.3-4 <none>
2021-07-06 05:26:52 status unpacked libseccomp2:amd64 2.3.3-4
2021-07-06 05:26:52 status half-configured libseccomp2:amd64 2.3.3-4
2021-07-06 05:26:52 status installed libseccomp2:amd64 2.3.3-4
2021-07-06 05:26:52 configure libsystemd0:amd64 241-7~deb10u7 <none>
2021-07-06 05:26:52 status unpacked libsystemd0:amd64 241-7~deb10u7
2021-07-06 05:26:52 status half-configured libsystemd0:amd64 241-7~deb10u7
2021-07-06 05:26:52 status installed libsystemd0:amd64 241-7~deb10u7
2021-07-06 05:26:52 configure hostname:amd64 3.21 <none>
2021-07-06 05:26:52 status unpacked hostname:amd64 3.21
2021-07-06 05:26:52 status half-configured hostname:amd64 3.21
2021-07-06 05:26:52 status installed hostname:amd64 3.21
2021-07-06 05:26:52 configure libpcre3:amd64 2:8.39-12 <none>
2021-07-06 05:26:52 status unpacked libpcre3:amd64 2:8.39-12
2021-07-06 05:26:52 status half-configured libpcre3:amd64 2:8.39-12
2021-07-06 05:26:52 status installed libpcre3:amd64 2:8.39-12
2021-07-06 05:26:52 configure libcap-ng0:amd64 0.7.9-2 <none>
2021-07-06 05:26:52 status unpacked libcap-ng0:amd64 0.7.9-2
2021-07-06 05:26:52 status half-configured libcap-ng0:amd64 0.7.9-2
2021-07-06 05:26:52 status installed libcap-ng0:amd64 0.7.9-2
2021-07-06 05:26:52 configure libext2fs2:amd64 1.44.5-1+deb10u3 <none>
2021-07-06 05:26:52 status unpacked libext2fs2:amd64 1.44.5-1+deb10u3
2021-07-06 05:26:52 status half-configured libext2fs2:amd64 1.44.5-1+deb10u3
2021-07-06 05:26:52 status installed libext2fs2:amd64 1.44.5-1+deb10u3
2021-07-06 05:26:52 configure libgmp10:amd64 2:6.1.2+dfsg-4 <none>
2021-07-06 05:26:52 status unpacked libgmp10:amd64 2:6.1.2+dfsg-4
2021-07-06 05:26:52 status half-configured libgmp10:amd64 2:6.1.2+dfsg-4
2021-07-06 05:26:52 status installed libgmp10:amd64 2:6.1.2+dfsg-4
2021-07-06 05:26:52 configure libp11-kit0:amd64 0.23.15-2+deb10u1 <none>
2021-07-06 05:26:52 status unpacked libp11-kit0:amd64 0.23.15-2+deb10u1
2021-07-06 05:26:52 status half-configured libp11-kit0:amd64 0.23.15-2+deb10u1
2021-07-06 05:26:52 status installed libp11-kit0:amd64 0.23.15-2+deb10u1
2021-07-06 05:26:52 configure libaudit1:amd64 1:2.8.4-3 <none>
2021-07-06 05:26:52 status unpacked libaudit1:amd64 1:2.8.4-3
2021-07-06 05:26:52 status half-configured libaudit1:amd64 1:2.8.4-3
2021-07-06 05:26:52 status installed libaudit1:amd64 1:2.8.4-3
2021-07-06 05:26:52 configure libuuid1:amd64 2.33.1-0.1 <none>
2021-07-06 05:26:52 status unpacked libuuid1:amd64 2.33.1-0.1
2021-07-06 05:26:52 status half-configured libuuid1:amd64 2.33.1-0.1
2021-07-06 05:26:52 status installed libuuid1:amd64 2.33.1-0.1
2021-07-06 05:26:52 configure libss2:amd64 1.44.5-1+deb10u3 <none>
2021-07-06 05:26:52 status unpacked libss2:amd64 1.44.5-1+deb10u3
2021-07-06 05:26:52 status half-configured libss2:amd64 1.44.5-1+deb10u3
2021-07-06 05:26:52 status installed libss2:amd64 1.44.5-1+deb10u3
2021-07-06 05:26:52 configure libncursesw6:amd64 6.1+20181013-2+deb10u2 <none>
2021-07-06 05:26:52 status unpacked libncursesw6:amd64 6.1+20181013-2+deb10u2
2021-07-06 05:26:52 status half-configured libncursesw6:amd64 6.1+20181013-2+deb10u2
2021-07-06 05:26:52 status installed libncursesw6:amd64 6.1+20181013-2+deb10u2
2021-07-06 05:26:52 configure libnettle6:amd64 3.4.1-1 <none>
2021-07-06 05:26:52 status unpacked libnettle6:amd64 3.4.1-1
2021-07-06 05:26:52 status half-configured libnettle6:amd64 3.4.1-1
2021-07-06 05:26:52 status installed libnettle6:amd64 3.4.1-1
2021-07-06 05:26:52 configure gpgv:amd64 2.2.12-1+deb10u1 <none>
2021-07-06 05:26:52 status unpacked gpgv:amd64 2.2.12-1+deb10u1
2021-07-06 05:26:52 status half-configured gpgv:amd64 2.2.12-1+deb10u1
2021-07-06 05:26:52 status installed gpgv:amd64 2.2.12-1+deb10u1
2021-07-06 05:26:52 configure libblkid1:amd64 2.33.1-0.1 <none>
2021-07-06 05:26:52 status unpacked libblkid1:amd64 2.33.1-0.1
2021-07-06 05:26:52 status half-configured libblkid1:amd64 2.33.1-0.1
2021-07-06 05:26:52 status installed libblkid1:amd64 2.33.1-0.1
2021-07-06 05:26:52 configure libstdc++6:amd64 8.3.0-6 <none>
2021-07-06 05:26:52 status unpacked libstdc++6:amd64 8.3.0-6
2021-07-06 05:26:52 status half-configured libstdc++6:amd64 8.3.0-6
2021-07-06 05:26:52 status installed libstdc++6:amd64 8.3.0-6
2021-07-06 05:26:52 configure bsdutils:amd64 1:2.33.1-0.1 <none>
2021-07-06 05:26:52 status unpacked bsdutils:amd64 1:2.33.1-0.1
2021-07-06 05:26:52 status half-configured bsdutils:amd64 1:2.33.1-0.1
2021-07-06 05:26:52 status installed bsdutils:amd64 1:2.33.1-0.1
2021-07-06 05:26:52 configure libhogweed4:amd64 3.4.1-1 <none>
2021-07-06 05:26:52 status unpacked libhogweed4:amd64 3.4.1-1
2021-07-06 05:26:52 status half-configured libhogweed4:amd64 3.4.1-1
2021-07-06 05:26:52 status installed libhogweed4:amd64 3.4.1-1
2021-07-06 05:26:52 configure e2fsprogs:amd64 1.44.5-1+deb10u3 <none>
2021-07-06 05:26:52 status unpacked e2fsprogs:amd64 1.44.5-1+deb10u3
2021-07-06 05:26:52 status half-configured e2fsprogs:amd64 1.44.5-1+deb10u3
2021-07-06 05:26:52 status installed e2fsprogs:amd64 1.44.5-1+deb10u3
2021-07-06 05:26:52 configure libselinux1:amd64 2.8-1+b1 <none>
2021-07-06 05:26:52 status unpacked libselinux1:amd64 2.8-1+b1
2021-07-06 05:26:52 status half-configured libselinux1:amd64 2.8-1+b1
2021-07-06 05:26:52 status installed libselinux1:amd64 2.8-1+b1
2021-07-06 05:26:52 configure libgnutls30:amd64 3.6.7-4+deb10u7 <none>
2021-07-06 05:26:52 status unpacked libgnutls30:amd64 3.6.7-4+deb10u7
2021-07-06 05:26:52 status half-configured libgnutls30:amd64 3.6.7-4+deb10u7
2021-07-06 05:26:52 status installed libgnutls30:amd64 3.6.7-4+deb10u7
2021-07-06 05:26:52 configure sed:amd64 4.7-1 <none>
2021-07-06 05:26:52 status unpacked sed:amd64 4.7-1
2021-07-06 05:26:52 status half-configured sed:amd64 4.7-1
2021-07-06 05:26:52 status installed sed:amd64 4.7-1
2021-07-06 05:26:52 configure libfdisk1:amd64 2.33.1-0.1 <none>
2021-07-06 05:26:52 status unpacked libfdisk1:amd64 2.33.1-0.1
2021-07-06 05:26:52 status half-configured libfdisk1:amd64 2.33.1-0.1
2021-07-06 05:26:52 status installed libfdisk1:amd64 2.33.1-0.1
2021-07-06 05:26:52 configure findutils:amd64 4.6.0+git+20190209-2 <none>
2021-07-06 05:26:52 status unpacked findutils:amd64 4.6.0+git+20190209-2
2021-07-06 05:26:52 status half-configured findutils:amd64 4.6.0+git+20190209-2
2021-07-06 05:26:52 status installed findutils:amd64 4.6.0+git+20190209-2
2021-07-06 05:26:52 configure libmount1:amd64 2.33.1-0.1 <none>
2021-07-06 05:26:52 status unpacked libmount1:amd64 2.33.1-0.1
2021-07-06 05:26:52 status half-configured libmount1:amd64 2.33.1-0.1
2021-07-06 05:26:52 status installed libmount1:amd64 2.33.1-0.1
2021-07-06 05:26:52 configure libapt-pkg5.0:amd64 1.8.2.3 <none>
2021-07-06 05:26:52 status unpacked libapt-pkg5.0:amd64 1.8.2.3
2021-07-06 05:26:52 status half-configured libapt-pkg5.0:amd64 1.8.2.3
2021-07-06 05:26:52 status installed libapt-pkg5.0:amd64 1.8.2.3
2021-07-06 05:26:52 configure libsemanage1:amd64 2.8-2 <none>
2021-07-06 05:26:52 status unpacked libsemanage1:amd64 2.8-2
2021-07-06 05:26:52 status half-configured libsemanage1:amd64 2.8-2
2021-07-06 05:26:52 status installed libsemanage1:amd64 2.8-2
2021-07-06 05:26:52 configure tar:amd64 1.30+dfsg-6 <none>
2021-07-06 05:26:52 status unpacked tar:amd64 1.30+dfsg-6
2021-07-06 05:26:52 status half-configured tar:amd64 1.30+dfsg-6
2021-07-06 05:26:52 status installed tar:amd64 1.30+dfsg-6
2021-07-06 05:26:52 configure coreutils:amd64 8.30-3 <none>
2021-07-06 05:26:52 status unpacked coreutils:amd64 8.30-3
2021-07-06 05:26:52 status half-configured coreutils:amd64 8.30-3
2021-07-06 05:26:52 status installed coreutils:amd64 8.30-3
2021-07-06 05:26:52 configure fdisk:amd64 2.33.1-0.1 <none>
2021-07-06 05:26:52 status unpacked fdisk:amd64 2.33.1-0.1
2021-07-06 05:26:52 status half-configured fdisk:amd64 2.33.1-0.1
2021-07-06 05:26:52 status installed fdisk:amd64 2.33.1-0.1
2021-07-06 05:26:52 configure dpkg:amd64 1.19.7 <none>
2021-07-06 05:26:52 status unpacked dpkg:amd64 1.19.7
2021-07-06 05:26:52 status half-configured dpkg:amd64 1.19.7
2021-07-06 05:26:52 status installed dpkg:amd64 1.19.7
2021-07-06 05:26:52 configure grep:amd64 3.3-1 <none>
2021-07-06 05:26:52 status unpacked grep:amd64 3.3-1
2021-07-06 05:26:52 status half-configured grep:amd64 3.3-1
2021-07-06 05:26:52 status installed grep:amd64 3.3-1
2021-07-06 05:26:52 configure perl-base:amd64 5.28.1-6+deb10u1 <none>
2021-07-06 05:26:52 status unpacked perl-base:amd64 5.28.1-6+deb10u1
2021-07-06 05:26:52 status half-configured perl-base:amd64 5.28.1-6+deb10u1
2021-07-06 05:26:52 status installed perl-base:amd64 5.28.1-6+deb10u1
2021-07-06 05:26:52 configure init-system-helpers:all 1.56+nmu1 <none>
2021-07-06 05:26:52 status unpacked init-system-helpers:all 1.56+nmu1
2021-07-06 05:26:52 status half-configured init-system-helpers:all 1.56+nmu1
2021-07-06 05:26:52 status installed init-system-helpers:all 1.56+nmu1
2021-07-06 05:26:52 configure gzip:amd64 1.9-3 <none>
2021-07-06 05:26:52 status unpacked gzip:amd64 1.9-3
2021-07-06 05:26:52 status half-configured gzip:amd64 1.9-3
2021-07-06 05:26:52 status installed gzip:amd64 1.9-3
2021-07-06 05:26:52 configure debconf:all 1.5.71 <none>
2021-07-06 05:26:52 status unpacked debconf:all 1.5.71
2021-07-06 05:26:52 status half-configured debconf:all 1.5.71
2021-07-06 05:26:52 status installed debconf:all 1.5.71
2021-07-06 05:26:52 configure tzdata:all 2021a-0+deb10u1 <none>
2021-07-06 05:26:52 status unpacked tzdata:all 2021a-0+deb10u1
2021-07-06 05:26:52 status half-configured tzdata:all 2021a-0+deb10u1
2021-07-06 05:26:53 status installed tzdata:all 2021a-0+deb10u1
2021-07-06 05:26:53 configure libpam0g:amd64 1.3.1-5 <none>
2021-07-06 05:26:53 status unpacked libpam0g:amd64 1.3.1-5
2021-07-06 05:26:53 status half-configured libpam0g:amd64 1.3.1-5
2021-07-06 05:26:53 status installed libpam0g:amd64 1.3.1-5
2021-07-06 05:26:53 configure dash:amd64 0.5.10.2-5 <none>
2021-07-06 05:26:53 status unpacked dash:amd64 0.5.10.2-5
2021-07-06 05:26:53 status half-configured dash:amd64 0.5.10.2-5
2021-07-06 05:26:53 status installed dash:amd64 0.5.10.2-5
2021-07-06 05:26:53 configure libpam-modules-bin:amd64 1.3.1-5 <none>
2021-07-06 05:26:53 status unpacked libpam-modules-bin:amd64 1.3.1-5
2021-07-06 05:26:53 status half-configured libpam-modules-bin:amd64 1.3.1-5
2021-07-06 05:26:53 status installed libpam-modules-bin:amd64 1.3.1-5
2021-07-06 05:26:53 configure libpam-modules:amd64 1.3.1-5 <none>
2021-07-06 05:26:53 status unpacked libpam-modules:amd64 1.3.1-5
2021-07-06 05:26:53 status half-configured libpam-modules:amd64 1.3.1-5
2021-07-06 05:26:53 status installed libpam-modules:amd64 1.3.1-5
2021-07-06 05:26:53 configure passwd:amd64 1:4.5-1.1 <none>
2021-07-06 05:26:53 status unpacked passwd:amd64 1:4.5-1.1
2021-07-06 05:26:53 status half-configured passwd:amd64 1:4.5-1.1
2021-07-06 05:26:53 status installed passwd:amd64 1:4.5-1.1
2021-07-06 05:26:53 configure libpam-runtime:all 1.3.1-5 <none>
2021-07-06 05:26:53 status unpacked libpam-runtime:all 1.3.1-5
2021-07-06 05:26:53 status half-configured libpam-runtime:all 1.3.1-5
2021-07-06 05:26:53 status installed libpam-runtime:all 1.3.1-5
2021-07-06 05:26:53 configure login:amd64 1:4.5-1.1 <none>
2021-07-06 05:26:53 status unpacked login:amd64 1:4.5-1.1
2021-07-06 05:26:53 status half-configured login:amd64 1:4.5-1.1
2021-07-06 05:26:53 status installed login:amd64 1:4.5-1.1
2021-07-06 05:26:53 configure adduser:all 3.118 <none>
2021-07-06 05:26:53 status unpacked adduser:all 3.118
2021-07-06 05:26:53 status half-configured adduser:all 3.118
2021-07-06 05:26:53 status installed adduser:all 3.118
2021-07-06 05:26:53 configure apt:amd64 1.8.2.3 <none>
2021-07-06 05:26:53 status unpacked apt:amd64 1.8.2.3
2021-07-06 05:26:53 status half-configured apt:amd64 1.8.2.3
2021-07-06 05:26:54 status installed apt:amd64 1.8.2.3
2021-07-06 05:26:54 configure util-linux:amd64 2.33.1-0.1 <none>
2021-07-06 05:26:54 status unpacked util-linux:amd64 2.33.1-0.1
2021-07-06 05:26:54 status half-configured util-linux:amd64 2.33.1-0.1
2021-07-06 05:26:54 status installed util-linux:amd64 2.33.1-0.1
2021-07-06 05:26:54 configure mount:amd64 2.33.1-0.1 <none>
2021-07-06 05:26:54 status unpacked mount:amd64 2.33.1-0.1
2021-07-06 05:26:54 status half-configured mount:amd64 2.33.1-0.1
2021-07-06 05:26:54 status installed mount:amd64 2.33.1-0.1
2021-07-06 05:26:54 configure sysvinit-utils:amd64 2.93-8 <none>
2021-07-06 05:26:54 status unpacked sysvinit-utils:amd64 2.93-8
2021-07-06 05:26:54 status half-configured sysvinit-utils:amd64 2.93-8
2021-07-06 05:26:54 status installed sysvinit-utils:amd64 2.93-8
2021-07-06 05:26:54 trigproc libc-bin:amd64 2.28-10 <none>
2021-07-06 05:26:54 status half-configured libc-bin:amd64 2.28-10
2021-07-06 05:26:54 status installed libc-bin:amd64 2.28-10
2021-07-06 05:27:06 startup archives unpack
2021-07-06 05:27:06 upgrade libnettle6:amd64 3.4.1-1 3.4.1-1+deb10u1
2021-07-06 05:27:06 status triggers-pending libc-bin:amd64 2.28-10
2021-07-06 05:27:06 status half-configured libnettle6:amd64 3.4.1-1
2021-07-06 05:27:06 status unpacked libnettle6:amd64 3.4.1-1
2021-07-06 05:27:06 status half-installed libnettle6:amd64 3.4.1-1
2021-07-06 05:27:06 status unpacked libnettle6:amd64 3.4.1-1+deb10u1
2021-07-06 05:27:06 startup packages configure
2021-07-06 05:27:06 configure libnettle6:amd64 3.4.1-1+deb10u1 <none>
2021-07-06 05:27:06 status unpacked libnettle6:amd64 3.4.1-1+deb10u1
2021-07-06 05:27:06 status half-configured libnettle6:amd64 3.4.1-1+deb10u1
2021-07-06 05:27:06 status installed libnettle6:amd64 3.4.1-1+deb10u1
2021-07-06 05:27:06 startup archives unpack
2021-07-06 05:27:06 upgrade libhogweed4:amd64 3.4.1-1 3.4.1-1+deb10u1
2021-07-06 05:27:06 status half-configured libhogweed4:amd64 3.4.1-1
2021-07-06 05:27:06 status unpacked libhogweed4:amd64 3.4.1-1
2021-07-06 05:27:06 status half-installed libhogweed4:amd64 3.4.1-1
2021-07-06 05:27:06 status unpacked libhogweed4:amd64 3.4.1-1+deb10u1
2021-07-06 05:27:06 startup packages configure
2021-07-06 05:27:06 configure libhogweed4:amd64 3.4.1-1+deb10u1 <none>
2021-07-06 05:27:06 status unpacked libhogweed4:amd64 3.4.1-1+deb10u1
2021-07-06 05:27:06 status half-configured libhogweed4:amd64 3.4.1-1+deb10u1
2021-07-06 05:27:06 status installed libhogweed4:amd64 3.4.1-1+deb10u1
2021-07-06 05:27:06 startup packages configure
2021-07-06 05:27:06 trigproc libc-bin:amd64 2.28-10 <none>
2021-07-06 05:27:06 status half-configured libc-bin:amd64 2.28-10
2021-07-06 05:27:06 status installed libc-bin:amd64 2.28-10
2021-07-06 05:27:11 startup archives unpack
2021-07-06 05:27:11 install libapparmor1:amd64 <none> 2.13.2-10
2021-07-06 05:27:11 status triggers-pending libc-bin:amd64 2.28-10
2021-07-06 05:27:11 status half-installed libapparmor1:amd64 2.13.2-10
2021-07-06 05:27:11 status unpacked libapparmor1:amd64 2.13.2-10
2021-07-06 05:27:11 install libcap2:amd64 <none> 1:2.25-2
2021-07-06 05:27:11 status half-installed libcap2:amd64 1:2.25-2
2021-07-06 05:27:11 status unpacked libcap2:amd64 1:2.25-2
2021-07-06 05:27:11 install libargon2-1:amd64 <none> 0~20171227-0.2
2021-07-06 05:27:11 status half-installed libargon2-1:amd64 0~20171227-0.2
2021-07-06 05:27:11 status unpacked libargon2-1:amd64 0~20171227-0.2
2021-07-06 05:27:11 install dmsetup:amd64 <none> 2:1.02.155-3
2021-07-06 05:27:11 status half-installed dmsetup:amd64 2:1.02.155-3
2021-07-06 05:27:11 status unpacked dmsetup:amd64 2:1.02.155-3
2021-07-06 05:27:11 install libdevmapper1.02.1:amd64 <none> 2:1.02.155-3
2021-07-06 05:27:11 status half-installed libdevmapper1.02.1:amd64 2:1.02.155-3
2021-07-06 05:27:11 status unpacked libdevmapper1.02.1:amd64 2:1.02.155-3
2021-07-06 05:27:12 install libjson-c3:amd64 <none> 0.12.1+ds-2+deb10u1
2021-07-06 05:27:12 status half-installed libjson-c3:amd64 0.12.1+ds-2+deb10u1
2021-07-06 05:27:12 status unpacked libjson-c3:amd64 0.12.1+ds-2+deb10u1
2021-07-06 05:27:12 install libssl1.1:amd64 <none> 1.1.1d-0+deb10u6
2021-07-06 05:27:12 status half-installed libssl1.1:amd64 1.1.1d-0+deb10u6
2021-07-06 05:27:12 status unpacked libssl1.1:amd64 1.1.1d-0+deb10u6
2021-07-06 05:27:12 install libcryptsetup12:amd64 <none> 2:2.1.0-5+deb10u2
2021-07-06 05:27:12 status half-installed libcryptsetup12:amd64 2:2.1.0-5+deb10u2
2021-07-06 05:27:12 status unpacked libcryptsetup12:amd64 2:2.1.0-5+deb10u2
2021-07-06 05:27:12 install libidn11:amd64 <none> 1.33-2.2
2021-07-06 05:27:12 status half-installed libidn11:amd64 1.33-2.2
2021-07-06 05:27:12 status unpacked libidn11:amd64 1.33-2.2
2021-07-06 05:27:12 install libip4tc0:amd64 <none> 1.8.2-4
2021-07-06 05:27:12 status half-installed libip4tc0:amd64 1.8.2-4
2021-07-06 05:27:12 status unpacked libip4tc0:amd64 1.8.2-4
2021-07-06 05:27:12 install libkmod2:amd64 <none> 26-1
2021-07-06 05:27:12 status half-installed libkmod2:amd64 26-1
2021-07-06 05:27:12 status unpacked libkmod2:amd64 26-1
2021-07-06 05:27:12 install systemd:amd64 <none> 241-7~deb10u7
2021-07-06 05:27:12 status half-installed systemd:amd64 241-7~deb10u7
2021-07-06 05:27:13 status unpacked systemd:amd64 241-7~deb10u7
2021-07-06 05:27:13 startup packages configure
2021-07-06 05:27:13 configure libapparmor1:amd64 2.13.2-10 <none>
2021-07-06 05:27:13 status unpacked libapparmor1:amd64 2.13.2-10
2021-07-06 05:27:13 status half-configured libapparmor1:amd64 2.13.2-10
2021-07-06 05:27:13 status installed libapparmor1:amd64 2.13.2-10
2021-07-06 05:27:13 configure libcap2:amd64 1:2.25-2 <none>
2021-07-06 05:27:13 status unpacked libcap2:amd64 1:2.25-2
2021-07-06 05:27:13 status half-configured libcap2:amd64 1:2.25-2
2021-07-06 05:27:13 status installed libcap2:amd64 1:2.25-2
2021-07-06 05:27:13 configure libargon2-1:amd64 0~20171227-0.2 <none>
2021-07-06 05:27:13 status unpacked libargon2-1:amd64 0~20171227-0.2
2021-07-06 05:27:13 status half-configured libargon2-1:amd64 0~20171227-0.2
2021-07-06 05:27:13 status installed libargon2-1:amd64 0~20171227-0.2
2021-07-06 05:27:13 configure libjson-c3:amd64 0.12.1+ds-2+deb10u1 <none>
2021-07-06 05:27:13 status unpacked libjson-c3:amd64 0.12.1+ds-2+deb10u1
2021-07-06 05:27:13 status half-configured libjson-c3:amd64 0.12.1+ds-2+deb10u1
2021-07-06 05:27:13 status installed libjson-c3:amd64 0.12.1+ds-2+deb10u1
2021-07-06 05:27:13 configure libssl1.1:amd64 1.1.1d-0+deb10u6 <none>
2021-07-06 05:27:13 status unpacked libssl1.1:amd64 1.1.1d-0+deb10u6
2021-07-06 05:27:13 status half-configured libssl1.1:amd64 1.1.1d-0+deb10u6
2021-07-06 05:27:13 status installed libssl1.1:amd64 1.1.1d-0+deb10u6
2021-07-06 05:27:13 configure libidn11:amd64 1.33-2.2 <none>
2021-07-06 05:27:13 status unpacked libidn11:amd64 1.33-2.2
2021-07-06 05:27:13 status half-configured libidn11:amd64 1.33-2.2
2021-07-06 05:27:13 status installed libidn11:amd64 1.33-2.2
2021-07-06 05:27:13 configure libip4tc0:amd64 1.8.2-4 <none>
2021-07-06 05:27:13 status unpacked libip4tc0:amd64 1.8.2-4
2021-07-06 05:27:13 status half-configured libip4tc0:amd64 1.8.2-4
2021-07-06 05:27:13 status installed libip4tc0:amd64 1.8.2-4
2021-07-06 05:27:13 configure libkmod2:amd64 26-1 <none>
2021-07-06 05:27:13 status unpacked libkmod2:amd64 26-1
2021-07-06 05:27:13 status half-configured libkmod2:amd64 26-1
2021-07-06 05:27:13 status installed libkmod2:amd64 26-1
2021-07-06 05:27:13 configure libdevmapper1.02.1:amd64 2:1.02.155-3 <none>
2021-07-06 05:27:13 status unpacked libdevmapper1.02.1:amd64 2:1.02.155-3
2021-07-06 05:27:13 status half-configured libdevmapper1.02.1:amd64 2:1.02.155-3
2021-07-06 05:27:13 status installed libdevmapper1.02.1:amd64 2:1.02.155-3
2021-07-06 05:27:13 configure libcryptsetup12:amd64 2:2.1.0-5+deb10u2 <none>
2021-07-06 05:27:13 status unpacked libcryptsetup12:amd64 2:2.1.0-5+deb10u2
2021-07-06 05:27:13 status half-configured libcryptsetup12:amd64 2:2.1.0-5+deb10u2
2021-07-06 05:27:13 status installed libcryptsetup12:amd64 2:2.1.0-5+deb10u2
2021-07-06 05:27:13 configure systemd:amd64 241-7~deb10u7 <none>
2021-07-06 05:27:13 status unpacked systemd:amd64 241-7~deb10u7
2021-07-06 05:27:13 status half-configured systemd:amd64 241-7~deb10u7
2021-07-06 05:27:13 status installed systemd:amd64 241-7~deb10u7
2021-07-06 05:27:13 configure dmsetup:amd64 2:1.02.155-3 <none>
2021-07-06 05:27:13 status unpacked dmsetup:amd64 2:1.02.155-3
2021-07-06 05:27:13 status half-configured dmsetup:amd64 2:1.02.155-3
2021-07-06 05:27:13 status installed dmsetup:amd64 2:1.02.155-3
2021-07-06 05:27:13 startup archives unpack
2021-07-06 05:27:13 install systemd-sysv:amd64 <none> 241-7~deb10u7
2021-07-06 05:27:13 status half-installed systemd-sysv:amd64 241-7~deb10u7
2021-07-06 05:27:13 status unpacked systemd-sysv:amd64 241-7~deb10u7
2021-07-06 05:27:13 startup packages configure
2021-07-06 05:27:13 configure systemd-sysv:amd64 241-7~deb10u7 <none>
2021-07-06 05:27:13 status unpacked systemd-sysv:amd64 241-7~deb10u7
2021-07-06 05:27:13 status half-configured systemd-sysv:amd64 241-7~deb10u7
2021-07-06 05:27:13 status installed systemd-sysv:amd64 241-7~deb10u7
2021-07-06 05:27:13 startup archives unpack
2021-07-06 05:27:13 install init:amd64 <none> 1.56+nmu1
2021-07-06 05:27:13 status half-installed init:amd64 1.56+nmu1
2021-07-06 05:27:13 status unpacked init:amd64 1.56+nmu1
2021-07-06 05:27:13 install lsb-base:all <none> 10.2019051400
2021-07-06 05:27:13 status half-installed lsb-base:all 10.2019051400
2021-07-06 05:27:13 status unpacked lsb-base:all 10.2019051400
2021-07-06 05:27:13 install libelf1:amd64 <none> 0.176-1.1
2021-07-06 05:27:13 status half-installed libelf1:amd64 0.176-1.1
2021-07-06 05:27:13 status unpacked libelf1:amd64 0.176-1.1
2021-07-06 05:27:14 install libmnl0:amd64 <none> 1.0.4-2
2021-07-06 05:27:14 status half-installed libmnl0:amd64 1.0.4-2
2021-07-06 05:27:14 status unpacked libmnl0:amd64 1.0.4-2
2021-07-06 05:27:14 install libxtables12:amd64 <none> 1.8.2-4
2021-07-06 05:27:14 status half-installed libxtables12:amd64 1.8.2-4
2021-07-06 05:27:14 status unpacked libxtables12:amd64 1.8.2-4
2021-07-06 05:27:14 install libcap2-bin:amd64 <none> 1:2.25-2
2021-07-06 05:27:14 status half-installed libcap2-bin:amd64 1:2.25-2
2021-07-06 05:27:14 status unpacked libcap2-bin:amd64 1:2.25-2
2021-07-06 05:27:14 install iproute2:amd64 <none> 4.20.0-2+deb10u1
2021-07-06 05:27:14 status half-installed iproute2:amd64 4.20.0-2+deb10u1
2021-07-06 05:27:14 status unpacked iproute2:amd64 4.20.0-2+deb10u1
2021-07-06 05:27:14 install ifupdown:amd64 <none> 0.8.35
2021-07-06 05:27:14 status half-installed ifupdown:amd64 0.8.35
2021-07-06 05:27:14 status triggers-pending systemd:amd64 241-7~deb10u7
2021-07-06 05:27:14 status unpacked ifupdown:amd64 0.8.35
2021-07-06 05:27:14 install iputils-ping:amd64 <none> 3:20180629-2+deb10u2
2021-07-06 05:27:14 status half-installed iputils-ping:amd64 3:20180629-2+deb10u2
2021-07-06 05:27:14 status unpacked iputils-ping:amd64 3:20180629-2+deb10u2
2021-07-06 05:27:14 install libisc-export1100:amd64 <none> 1:9.11.5.P4+dfsg-5.1+deb10u5
2021-07-06 05:27:14 status half-installed libisc-export1100:amd64 1:9.11.5.P4+dfsg-5.1+deb10u5
2021-07-06 05:27:14 status unpacked libisc-export1100:amd64 1:9.11.5.P4+dfsg-5.1+deb10u5
2021-07-06 05:27:14 install libdns-export1104:amd64 <none> 1:9.11.5.P4+dfsg-5.1+deb10u5
2021-07-06 05:27:14 status half-installed libdns-export1104:amd64 1:9.11.5.P4+dfsg-5.1+deb10u5
2021-07-06 05:27:14 status unpacked libdns-export1104:amd64 1:9.11.5.P4+dfsg-5.1+deb10u5
2021-07-06 05:27:14 install isc-dhcp-client:amd64 <none> 4.4.1-2+deb10u1
2021-07-06 05:27:14 status half-installed isc-dhcp-client:amd64 4.4.1-2+deb10u1
2021-07-06 05:27:14 status unpacked isc-dhcp-client:amd64 4.4.1-2+deb10u1
2021-07-06 05:27:14 install isc-dhcp-common:amd64 <none> 4.4.1-2+deb10u1
2021-07-06 05:27:14 status half-installed isc-dhcp-common:amd64 4.4.1-2+deb10u1
2021-07-06 05:27:14 status unpacked isc-dhcp-common:amd64 4.4.1-2+deb10u1
2021-07-06 05:27:14 install netbase:all <none> 5.6
2021-07-06 05:27:14 status half-installed netbase:all 5.6
2021-07-06 05:27:14 status unpacked netbase:all 5.6
2021-07-06 05:27:14 install libncurses6:amd64 <none> 6.1+20181013-2+deb10u2
2021-07-06 05:27:14 status half-installed libncurses6:amd64 6.1+20181013-2+deb10u2
2021-07-06 05:27:14 status unpacked libncurses6:amd64 6.1+20181013-2+deb10u2
2021-07-06 05:27:14 install libprocps7:amd64 <none> 2:3.3.15-2
2021-07-06 05:27:14 status half-installed libprocps7:amd64 2:3.3.15-2
2021-07-06 05:27:14 status unpacked libprocps7:amd64 2:3.3.15-2
2021-07-06 05:27:14 install procps:amd64 <none> 2:3.3.15-2
2021-07-06 05:27:14 status half-installed procps:amd64 2:3.3.15-2
2021-07-06 05:27:14 status unpacked procps:amd64 2:3.3.15-2
2021-07-06 05:27:14 install xxd:amd64 <none> 2:8.1.0875-5
2021-07-06 05:27:14 status half-installed xxd:amd64 2:8.1.0875-5
2021-07-06 05:27:14 status unpacked xxd:amd64 2:8.1.0875-5
2021-07-06 05:27:15 install vim-common:all <none> 2:8.1.0875-5
2021-07-06 05:27:15 status half-installed vim-common:all 2:8.1.0875-5
2021-07-06 05:27:15 status unpacked vim-common:all 2:8.1.0875-5
2021-07-06 05:27:15 install libdbus-1-3:amd64 <none> 1.12.20-0+deb10u1
2021-07-06 05:27:15 status half-installed libdbus-1-3:amd64 1.12.20-0+deb10u1
2021-07-06 05:27:15 status unpacked libdbus-1-3:amd64 1.12.20-0+deb10u1
2021-07-06 05:27:15 install libexpat1:amd64 <none> 2.2.6-2+deb10u1
2021-07-06 05:27:15 status half-installed libexpat1:amd64 2.2.6-2+deb10u1
2021-07-06 05:27:15 status unpacked libexpat1:amd64 2.2.6-2+deb10u1
2021-07-06 05:27:15 install dbus:amd64 <none> 1.12.20-0+deb10u1
2021-07-06 05:27:15 status half-installed dbus:amd64 1.12.20-0+deb10u1
2021-07-06 05:27:15 status unpacked dbus:amd64 1.12.20-0+deb10u1
2021-07-06 05:27:15 install krb5-locales:all <none> 1.17-3+deb10u1
2021-07-06 05:27:15 status half-installed krb5-locales:all 1.17-3+deb10u1
2021-07-06 05:27:15 status unpacked krb5-locales:all 1.17-3+deb10u1
2021-07-06 05:27:15 install libc-l10n:all <none> 2.28-10
2021-07-06 05:27:15 status half-installed libc-l10n:all 2.28-10
2021-07-06 05:27:15 status unpacked libc-l10n:all 2.28-10
2021-07-06 05:27:15 install libnss-systemd:amd64 <none> 241-7~deb10u7
2021-07-06 05:27:15 status half-installed libnss-systemd:amd64 241-7~deb10u7
2021-07-06 05:27:15 status unpacked libnss-systemd:amd64 241-7~deb10u7
2021-07-06 05:27:15 install libpam-systemd:amd64 <none> 241-7~deb10u7
2021-07-06 05:27:15 status half-installed libpam-systemd:amd64 241-7~deb10u7
2021-07-06 05:27:15 status unpacked libpam-systemd:amd64 241-7~deb10u7
2021-07-06 05:27:15 install locales:all <none> 2.28-10
2021-07-06 05:27:15 status half-installed locales:all 2.28-10
2021-07-06 05:27:16 status unpacked locales:all 2.28-10
2021-07-06 05:27:16 install libbsd0:amd64 <none> 0.9.1-2+deb10u1
2021-07-06 05:27:16 status half-installed libbsd0:amd64 0.9.1-2+deb10u1
2021-07-06 05:27:16 status unpacked libbsd0:amd64 0.9.1-2+deb10u1
2021-07-06 05:27:16 install libedit2:amd64 <none> 3.1-20181209-1
2021-07-06 05:27:16 status half-installed libedit2:amd64 3.1-20181209-1
2021-07-06 05:27:16 status unpacked libedit2:amd64 3.1-20181209-1
2021-07-06 05:27:16 install libkeyutils1:amd64 <none> 1.6-6
2021-07-06 05:27:16 status half-installed libkeyutils1:amd64 1.6-6
2021-07-06 05:27:16 status unpacked libkeyutils1:amd64 1.6-6
2021-07-06 05:27:16 install libkrb5support0:amd64 <none> 1.17-3+deb10u1
2021-07-06 05:27:16 status half-installed libkrb5support0:amd64 1.17-3+deb10u1
2021-07-06 05:27:16 status unpacked libkrb5support0:amd64 1.17-3+deb10u1
2021-07-06 05:27:16 install libk5crypto3:amd64 <none> 1.17-3+deb10u1
2021-07-06 05:27:16 status half-installed libk5crypto3:amd64 1.17-3+deb10u1
2021-07-06 05:27:16 status unpacked libk5crypto3:amd64 1.17-3+deb10u1
2021-07-06 05:27:16 install libkrb5-3:amd64 <none> 1.17-3+deb10u1
2021-07-06 05:27:16 status half-installed libkrb5-3:amd64 1.17-3+deb10u1
2021-07-06 05:27:16 status unpacked libkrb5-3:amd64 1.17-3+deb10u1
2021-07-06 05:27:16 install libgssapi-krb5-2:amd64 <none> 1.17-3+deb10u1
2021-07-06 05:27:16 status half-installed libgssapi-krb5-2:amd64 1.17-3+deb10u1
2021-07-06 05:27:16 status unpacked libgssapi-krb5-2:amd64 1.17-3+deb10u1
2021-07-06 05:27:16 install openssh-client:amd64 <none> 1:7.9p1-10+deb10u2
2021-07-06 05:27:16 status half-installed openssh-client:amd64 1:7.9p1-10+deb10u2
2021-07-06 05:27:16 status unpacked openssh-client:amd64 1:7.9p1-10+deb10u2
2021-07-06 05:27:16 install dialog:amd64 <none> 1.3-20190211-1
2021-07-06 05:27:16 status half-installed dialog:amd64 1.3-20190211-1
2021-07-06 05:27:17 status unpacked dialog:amd64 1.3-20190211-1
2021-07-06 05:27:17 install libatm1:amd64 <none> 1:2.5.1-2
2021-07-06 05:27:17 status half-installed libatm1:amd64 1:2.5.1-2
2021-07-06 05:27:17 status unpacked libatm1:amd64 1:2.5.1-2
2021-07-06 05:27:17 install libgpm2:amd64 <none> 1.20.7-5
2021-07-06 05:27:17 status half-installed libgpm2:amd64 1.20.7-5
2021-07-06 05:27:17 status unpacked libgpm2:amd64 1.20.7-5
2021-07-06 05:27:17 install libpam-cap:amd64 <none> 1:2.25-2
2021-07-06 05:27:17 status half-installed libpam-cap:amd64 1:2.25-2
2021-07-06 05:27:17 status unpacked libpam-cap:amd64 1:2.25-2
2021-07-06 05:27:17 install libxau6:amd64 <none> 1:1.0.8-1+b2
2021-07-06 05:27:17 status half-installed libxau6:amd64 1:1.0.8-1+b2
2021-07-06 05:27:17 status unpacked libxau6:amd64 1:1.0.8-1+b2
2021-07-06 05:27:17 install libxdmcp6:amd64 <none> 1:1.1.2-3
2021-07-06 05:27:17 status half-installed libxdmcp6:amd64 1:1.1.2-3
2021-07-06 05:27:17 status unpacked libxdmcp6:amd64 1:1.1.2-3
2021-07-06 05:27:17 install libxcb1:amd64 <none> 1.13.1-2
2021-07-06 05:27:17 status half-installed libxcb1:amd64 1.13.1-2
2021-07-06 05:27:17 status unpacked libxcb1:amd64 1.13.1-2
2021-07-06 05:27:17 install libx11-data:all <none> 2:1.6.7-1+deb10u2
2021-07-06 05:27:17 status half-installed libx11-data:all 2:1.6.7-1+deb10u2
2021-07-06 05:27:17 status unpacked libx11-data:all 2:1.6.7-1+deb10u2
2021-07-06 05:27:17 install libx11-6:amd64 <none> 2:1.6.7-1+deb10u2
2021-07-06 05:27:17 status half-installed libx11-6:amd64 2:1.6.7-1+deb10u2
2021-07-06 05:27:17 status unpacked libx11-6:amd64 2:1.6.7-1+deb10u2
2021-07-06 05:27:17 install libxext6:amd64 <none> 2:1.3.3-1+b2
2021-07-06 05:27:17 status half-installed libxext6:amd64 2:1.3.3-1+b2
2021-07-06 05:27:17 status unpacked libxext6:amd64 2:1.3.3-1+b2
2021-07-06 05:27:17 install libxmuu1:amd64 <none> 2:1.1.2-2+b3
2021-07-06 05:27:17 status half-installed libxmuu1:amd64 2:1.1.2-2+b3
2021-07-06 05:27:17 status unpacked libxmuu1:amd64 2:1.1.2-2+b3
2021-07-06 05:27:17 install net-tools:amd64 <none> 1.60+git20180626.aebd88e-1
2021-07-06 05:27:17 status half-installed net-tools:amd64 1.60+git20180626.aebd88e-1
2021-07-06 05:27:17 status unpacked net-tools:amd64 1.60+git20180626.aebd88e-1
2021-07-06 05:27:17 install psmisc:amd64 <none> 23.2-1
2021-07-06 05:27:17 status half-installed psmisc:amd64 23.2-1
2021-07-06 05:27:17 status unpacked psmisc:amd64 23.2-1
2021-07-06 05:27:17 install vim-runtime:all <none> 2:8.1.0875-5
2021-07-06 05:27:17 status half-installed vim-runtime:all 2:8.1.0875-5
2021-07-06 05:27:18 status unpacked vim-runtime:all 2:8.1.0875-5
2021-07-06 05:27:18 install vim:amd64 <none> 2:8.1.0875-5
2021-07-06 05:27:18 status half-installed vim:amd64 2:8.1.0875-5
2021-07-06 05:27:19 status unpacked vim:amd64 2:8.1.0875-5
2021-07-06 05:27:19 install xauth:amd64 <none> 1:1.0.10-1
2021-07-06 05:27:19 status half-installed xauth:amd64 1:1.0.10-1
2021-07-06 05:27:19 status unpacked xauth:amd64 1:1.0.10-1
2021-07-06 05:27:19 startup packages configure
2021-07-06 05:27:19 configure libexpat1:amd64 2.2.6-2+deb10u1 <none>
2021-07-06 05:27:19 status unpacked libexpat1:amd64 2.2.6-2+deb10u1
2021-07-06 05:27:19 status half-configured libexpat1:amd64 2.2.6-2+deb10u1
2021-07-06 05:27:19 status installed libexpat1:amd64 2.2.6-2+deb10u1
2021-07-06 05:27:19 configure lsb-base:all 10.2019051400 <none>
2021-07-06 05:27:19 status unpacked lsb-base:all 10.2019051400
2021-07-06 05:27:19 status half-configured lsb-base:all 10.2019051400
2021-07-06 05:27:19 status installed lsb-base:all 10.2019051400
2021-07-06 05:27:19 configure libxau6:amd64 1:1.0.8-1+b2 <none>
2021-07-06 05:27:19 status unpacked libxau6:amd64 1:1.0.8-1+b2
2021-07-06 05:27:19 status half-configured libxau6:amd64 1:1.0.8-1+b2
2021-07-06 05:27:19 status installed libxau6:amd64 1:1.0.8-1+b2
2021-07-06 05:27:19 configure net-tools:amd64 1.60+git20180626.aebd88e-1 <none>
2021-07-06 05:27:19 status unpacked net-tools:amd64 1.60+git20180626.aebd88e-1
2021-07-06 05:27:19 status half-configured net-tools:amd64 1.60+git20180626.aebd88e-1
2021-07-06 05:27:19 status installed net-tools:amd64 1.60+git20180626.aebd88e-1
2021-07-06 05:27:19 configure libkeyutils1:amd64 1.6-6 <none>
2021-07-06 05:27:19 status unpacked libkeyutils1:amd64 1.6-6
2021-07-06 05:27:19 status half-configured libkeyutils1:amd64 1.6-6
2021-07-06 05:27:19 status installed libkeyutils1:amd64 1.6-6
2021-07-06 05:27:19 configure libc-l10n:all 2.28-10 <none>
2021-07-06 05:27:19 status unpacked libc-l10n:all 2.28-10
2021-07-06 05:27:19 status half-configured libc-l10n:all 2.28-10
2021-07-06 05:27:19 status installed libc-l10n:all 2.28-10
2021-07-06 05:27:19 configure libgpm2:amd64 1.20.7-5 <none>
2021-07-06 05:27:19 status unpacked libgpm2:amd64 1.20.7-5
2021-07-06 05:27:19 status half-configured libgpm2:amd64 1.20.7-5
2021-07-06 05:27:19 status installed libgpm2:amd64 1.20.7-5
2021-07-06 05:27:19 configure init:amd64 1.56+nmu1 <none>
2021-07-06 05:27:19 status unpacked init:amd64 1.56+nmu1
2021-07-06 05:27:19 status half-configured init:amd64 1.56+nmu1
2021-07-06 05:27:19 status installed init:amd64 1.56+nmu1
2021-07-06 05:27:19 configure psmisc:amd64 23.2-1 <none>
2021-07-06 05:27:19 status unpacked psmisc:amd64 23.2-1
2021-07-06 05:27:19 status half-configured psmisc:amd64 23.2-1
2021-07-06 05:27:19 status installed psmisc:amd64 23.2-1
2021-07-06 05:27:19 configure libprocps7:amd64 2:3.3.15-2 <none>
2021-07-06 05:27:19 status unpacked libprocps7:amd64 2:3.3.15-2
2021-07-06 05:27:19 status half-configured libprocps7:amd64 2:3.3.15-2
2021-07-06 05:27:19 status installed libprocps7:amd64 2:3.3.15-2
2021-07-06 05:27:19 configure libnss-systemd:amd64 241-7~deb10u7 <none>
2021-07-06 05:27:19 status unpacked libnss-systemd:amd64 241-7~deb10u7
2021-07-06 05:27:19 status half-configured libnss-systemd:amd64 241-7~deb10u7
2021-07-06 05:27:19 status installed libnss-systemd:amd64 241-7~deb10u7
2021-07-06 05:27:19 configure krb5-locales:all 1.17-3+deb10u1 <none>
2021-07-06 05:27:19 status unpacked krb5-locales:all 1.17-3+deb10u1
2021-07-06 05:27:19 status half-configured krb5-locales:all 1.17-3+deb10u1
2021-07-06 05:27:19 status installed krb5-locales:all 1.17-3+deb10u1
2021-07-06 05:27:19 configure libatm1:amd64 1:2.5.1-2 <none>
2021-07-06 05:27:19 status unpacked libatm1:amd64 1:2.5.1-2
2021-07-06 05:27:19 status half-configured libatm1:amd64 1:2.5.1-2
2021-07-06 05:27:19 status installed libatm1:amd64 1:2.5.1-2
2021-07-06 05:27:19 configure locales:all 2.28-10 <none>
2021-07-06 05:27:19 status unpacked locales:all 2.28-10
2021-07-06 05:27:19 status half-configured locales:all 2.28-10
2021-07-06 05:27:20 status installed locales:all 2.28-10
2021-07-06 05:27:20 configure xxd:amd64 2:8.1.0875-5 <none>
2021-07-06 05:27:20 status unpacked xxd:amd64 2:8.1.0875-5
2021-07-06 05:27:20 status half-configured xxd:amd64 2:8.1.0875-5
2021-07-06 05:27:20 status installed xxd:amd64 2:8.1.0875-5
2021-07-06 05:27:20 configure libkrb5support0:amd64 1.17-3+deb10u1 <none>
2021-07-06 05:27:20 status unpacked libkrb5support0:amd64 1.17-3+deb10u1
2021-07-06 05:27:20 status half-configured libkrb5support0:amd64 1.17-3+deb10u1
2021-07-06 05:27:20 status installed libkrb5support0:amd64 1.17-3+deb10u1
2021-07-06 05:27:20 configure libcap2-bin:amd64 1:2.25-2 <none>
2021-07-06 05:27:20 status unpacked libcap2-bin:amd64 1:2.25-2
2021-07-06 05:27:20 status half-configured libcap2-bin:amd64 1:2.25-2
2021-07-06 05:27:20 status installed libcap2-bin:amd64 1:2.25-2
2021-07-06 05:27:20 configure vim-common:all 2:8.1.0875-5 <none>
2021-07-06 05:27:20 status unpacked vim-common:all 2:8.1.0875-5
2021-07-06 05:27:20 status half-configured vim-common:all 2:8.1.0875-5
2021-07-06 05:27:20 status installed vim-common:all 2:8.1.0875-5
2021-07-06 05:27:20 configure libx11-data:all 2:1.6.7-1+deb10u2 <none>
2021-07-06 05:27:20 status unpacked libx11-data:all 2:1.6.7-1+deb10u2
2021-07-06 05:27:20 status half-configured libx11-data:all 2:1.6.7-1+deb10u2
2021-07-06 05:27:20 status installed libx11-data:all 2:1.6.7-1+deb10u2
2021-07-06 05:27:20 configure dialog:amd64 1.3-20190211-1 <none>
2021-07-06 05:27:20 status unpacked dialog:amd64 1.3-20190211-1
2021-07-06 05:27:20 status half-configured dialog:amd64 1.3-20190211-1
2021-07-06 05:27:20 status installed dialog:amd64 1.3-20190211-1
2021-07-06 05:27:20 configure libncurses6:amd64 6.1+20181013-2+deb10u2 <none>
2021-07-06 05:27:20 status unpacked libncurses6:amd64 6.1+20181013-2+deb10u2
2021-07-06 05:27:20 status half-configured libncurses6:amd64 6.1+20181013-2+deb10u2
2021-07-06 05:27:20 status installed libncurses6:amd64 6.1+20181013-2+deb10u2
2021-07-06 05:27:20 configure libdbus-1-3:amd64 1.12.20-0+deb10u1 <none>
2021-07-06 05:27:20 status unpacked libdbus-1-3:amd64 1.12.20-0+deb10u1
2021-07-06 05:27:20 status half-configured libdbus-1-3:amd64 1.12.20-0+deb10u1
2021-07-06 05:27:20 status installed libdbus-1-3:amd64 1.12.20-0+deb10u1
2021-07-06 05:27:20 configure dbus:amd64 1.12.20-0+deb10u1 <none>
2021-07-06 05:27:20 status unpacked dbus:amd64 1.12.20-0+deb10u1
2021-07-06 05:27:20 status half-configured dbus:amd64 1.12.20-0+deb10u1
2021-07-06 05:27:20 status installed dbus:amd64 1.12.20-0+deb10u1
2021-07-06 05:27:20 configure libmnl0:amd64 1.0.4-2 <none>
2021-07-06 05:27:20 status unpacked libmnl0:amd64 1.0.4-2
2021-07-06 05:27:20 status half-configured libmnl0:amd64 1.0.4-2
2021-07-06 05:27:20 status installed libmnl0:amd64 1.0.4-2
2021-07-06 05:27:20 configure libk5crypto3:amd64 1.17-3+deb10u1 <none>
2021-07-06 05:27:20 status unpacked libk5crypto3:amd64 1.17-3+deb10u1
2021-07-06 05:27:20 status half-configured libk5crypto3:amd64 1.17-3+deb10u1
2021-07-06 05:27:20 status installed libk5crypto3:amd64 1.17-3+deb10u1
2021-07-06 05:27:20 configure libxtables12:amd64 1.8.2-4 <none>
2021-07-06 05:27:20 status unpacked libxtables12:amd64 1.8.2-4
2021-07-06 05:27:20 status half-configured libxtables12:amd64 1.8.2-4
2021-07-06 05:27:20 status installed libxtables12:amd64 1.8.2-4
2021-07-06 05:27:20 configure libisc-export1100:amd64 1:9.11.5.P4+dfsg-5.1+deb10u5 <none>
2021-07-06 05:27:20 status unpacked libisc-export1100:amd64 1:9.11.5.P4+dfsg-5.1+deb10u5
2021-07-06 05:27:20 status half-configured libisc-export1100:amd64 1:9.11.5.P4+dfsg-5.1+deb10u5
2021-07-06 05:27:20 status installed libisc-export1100:amd64 1:9.11.5.P4+dfsg-5.1+deb10u5
2021-07-06 05:27:20 configure procps:amd64 2:3.3.15-2 <none>
2021-07-06 05:27:20 status unpacked procps:amd64 2:3.3.15-2
2021-07-06 05:27:20 status half-configured procps:amd64 2:3.3.15-2
2021-07-06 05:27:20 status installed procps:amd64 2:3.3.15-2
2021-07-06 05:27:20 configure libpam-systemd:amd64 241-7~deb10u7 <none>
2021-07-06 05:27:20 status unpacked libpam-systemd:amd64 241-7~deb10u7
2021-07-06 05:27:20 status half-configured libpam-systemd:amd64 241-7~deb10u7
2021-07-06 05:27:20 status installed libpam-systemd:amd64 241-7~deb10u7
2021-07-06 05:27:20 configure netbase:all 5.6 <none>
2021-07-06 05:27:20 status unpacked netbase:all 5.6
2021-07-06 05:27:20 status half-configured netbase:all 5.6
2021-07-06 05:27:20 status installed netbase:all 5.6
2021-07-06 05:27:20 configure isc-dhcp-common:amd64 4.4.1-2+deb10u1 <none>
2021-07-06 05:27:20 status unpacked isc-dhcp-common:amd64 4.4.1-2+deb10u1
2021-07-06 05:27:20 status half-configured isc-dhcp-common:amd64 4.4.1-2+deb10u1
2021-07-06 05:27:20 status installed isc-dhcp-common:amd64 4.4.1-2+deb10u1
2021-07-06 05:27:20 configure libkrb5-3:amd64 1.17-3+deb10u1 <none>
2021-07-06 05:27:20 status unpacked libkrb5-3:amd64 1.17-3+deb10u1
2021-07-06 05:27:20 status half-configured libkrb5-3:amd64 1.17-3+deb10u1
2021-07-06 05:27:20 status installed libkrb5-3:amd64 1.17-3+deb10u1
2021-07-06 05:27:20 configure vim-runtime:all 2:8.1.0875-5 <none>
2021-07-06 05:27:20 status unpacked vim-runtime:all 2:8.1.0875-5
2021-07-06 05:27:20 status half-configured vim-runtime:all 2:8.1.0875-5
2021-07-06 05:27:20 status installed vim-runtime:all 2:8.1.0875-5
2021-07-06 05:27:20 configure libbsd0:amd64 0.9.1-2+deb10u1 <none>
2021-07-06 05:27:20 status unpacked libbsd0:amd64 0.9.1-2+deb10u1
2021-07-06 05:27:20 status half-configured libbsd0:amd64 0.9.1-2+deb10u1
2021-07-06 05:27:20 status installed libbsd0:amd64 0.9.1-2+deb10u1
2021-07-06 05:27:20 configure libelf1:amd64 0.176-1.1 <none>
2021-07-06 05:27:20 status unpacked libelf1:amd64 0.176-1.1
2021-07-06 05:27:20 status half-configured libelf1:amd64 0.176-1.1
2021-07-06 05:27:20 status installed libelf1:amd64 0.176-1.1
2021-07-06 05:27:20 configure libpam-cap:amd64 1:2.25-2 <none>
2021-07-06 05:27:20 status unpacked libpam-cap:amd64 1:2.25-2
2021-07-06 05:27:20 status half-configured libpam-cap:amd64 1:2.25-2
2021-07-06 05:27:21 status installed libpam-cap:amd64 1:2.25-2
2021-07-06 05:27:21 configure libdns-export1104:amd64 1:9.11.5.P4+dfsg-5.1+deb10u5 <none>
2021-07-06 05:27:21 status unpacked libdns-export1104:amd64 1:9.11.5.P4+dfsg-5.1+deb10u5
2021-07-06 05:27:21 status half-configured libdns-export1104:amd64 1:9.11.5.P4+dfsg-5.1+deb10u5
2021-07-06 05:27:21 status installed libdns-export1104:amd64 1:9.11.5.P4+dfsg-5.1+deb10u5
2021-07-06 05:27:21 configure iputils-ping:amd64 3:20180629-2+deb10u2 <none>
2021-07-06 05:27:21 status unpacked iputils-ping:amd64 3:20180629-2+deb10u2
2021-07-06 05:27:21 status half-configured iputils-ping:amd64 3:20180629-2+deb10u2
2021-07-06 05:27:21 status installed iputils-ping:amd64 3:20180629-2+deb10u2
2021-07-06 05:27:21 configure libxdmcp6:amd64 1:1.1.2-3 <none>
2021-07-06 05:27:21 status unpacked libxdmcp6:amd64 1:1.1.2-3
2021-07-06 05:27:21 status half-configured libxdmcp6:amd64 1:1.1.2-3
2021-07-06 05:27:21 status installed libxdmcp6:amd64 1:1.1.2-3
2021-07-06 05:27:21 configure libxcb1:amd64 1.13.1-2 <none>
2021-07-06 05:27:21 status unpacked libxcb1:amd64 1.13.1-2
2021-07-06 05:27:21 status half-configured libxcb1:amd64 1.13.1-2
2021-07-06 05:27:21 status installed libxcb1:amd64 1.13.1-2
2021-07-06 05:27:21 configure vim:amd64 2:8.1.0875-5 <none>
2021-07-06 05:27:21 status unpacked vim:amd64 2:8.1.0875-5
2021-07-06 05:27:21 status half-configured vim:amd64 2:8.1.0875-5
2021-07-06 05:27:21 status installed vim:amd64 2:8.1.0875-5
2021-07-06 05:27:21 configure iproute2:amd64 4.20.0-2+deb10u1 <none>
2021-07-06 05:27:21 status unpacked iproute2:amd64 4.20.0-2+deb10u1
2021-07-06 05:27:21 status half-configured iproute2:amd64 4.20.0-2+deb10u1
2021-07-06 05:27:21 status installed iproute2:amd64 4.20.0-2+deb10u1
2021-07-06 05:27:21 configure libedit2:amd64 3.1-20181209-1 <none>
2021-07-06 05:27:21 status unpacked libedit2:amd64 3.1-20181209-1
2021-07-06 05:27:21 status half-configured libedit2:amd64 3.1-20181209-1
2021-07-06 05:27:21 status installed libedit2:amd64 3.1-20181209-1
2021-07-06 05:27:21 configure isc-dhcp-client:amd64 4.4.1-2+deb10u1 <none>
2021-07-06 05:27:21 status unpacked isc-dhcp-client:amd64 4.4.1-2+deb10u1
2021-07-06 05:27:21 status half-configured isc-dhcp-client:amd64 4.4.1-2+deb10u1
2021-07-06 05:27:21 status installed isc-dhcp-client:amd64 4.4.1-2+deb10u1
2021-07-06 05:27:21 configure ifupdown:amd64 0.8.35 <none>
2021-07-06 05:27:21 status unpacked ifupdown:amd64 0.8.35
2021-07-06 05:27:21 status half-configured ifupdown:amd64 0.8.35
2021-07-06 05:27:21 status installed ifupdown:amd64 0.8.35
2021-07-06 05:27:21 configure libgssapi-krb5-2:amd64 1.17-3+deb10u1 <none>
2021-07-06 05:27:21 status unpacked libgssapi-krb5-2:amd64 1.17-3+deb10u1
2021-07-06 05:27:21 status half-configured libgssapi-krb5-2:amd64 1.17-3+deb10u1
2021-07-06 05:27:21 status installed libgssapi-krb5-2:amd64 1.17-3+deb10u1
2021-07-06 05:27:21 configure libx11-6:amd64 2:1.6.7-1+deb10u2 <none>
2021-07-06 05:27:21 status unpacked libx11-6:amd64 2:1.6.7-1+deb10u2
2021-07-06 05:27:21 status half-configured libx11-6:amd64 2:1.6.7-1+deb10u2
2021-07-06 05:27:21 status installed libx11-6:amd64 2:1.6.7-1+deb10u2
2021-07-06 05:27:21 configure libxmuu1:amd64 2:1.1.2-2+b3 <none>
2021-07-06 05:27:21 status unpacked libxmuu1:amd64 2:1.1.2-2+b3
2021-07-06 05:27:21 status half-configured libxmuu1:amd64 2:1.1.2-2+b3
2021-07-06 05:27:21 status installed libxmuu1:amd64 2:1.1.2-2+b3
2021-07-06 05:27:21 configure openssh-client:amd64 1:7.9p1-10+deb10u2 <none>
2021-07-06 05:27:21 status unpacked openssh-client:amd64 1:7.9p1-10+deb10u2
2021-07-06 05:27:21 status half-configured openssh-client:amd64 1:7.9p1-10+deb10u2
2021-07-06 05:27:21 status installed openssh-client:amd64 1:7.9p1-10+deb10u2
2021-07-06 05:27:21 configure libxext6:amd64 2:1.3.3-1+b2 <none>
2021-07-06 05:27:21 status unpacked libxext6:amd64 2:1.3.3-1+b2
2021-07-06 05:27:21 status half-configured libxext6:amd64 2:1.3.3-1+b2
2021-07-06 05:27:21 status installed libxext6:amd64 2:1.3.3-1+b2
2021-07-06 05:27:21 configure xauth:amd64 1:1.0.10-1 <none>
2021-07-06 05:27:21 status unpacked xauth:amd64 1:1.0.10-1
2021-07-06 05:27:21 status half-configured xauth:amd64 1:1.0.10-1
2021-07-06 05:27:21 status installed xauth:amd64 1:1.0.10-1
2021-07-06 05:27:21 trigproc systemd:amd64 241-7~deb10u7 <none>
2021-07-06 05:27:21 status half-configured systemd:amd64 241-7~deb10u7
2021-07-06 05:27:21 status installed systemd:amd64 241-7~deb10u7
2021-07-06 05:27:21 trigproc libc-bin:amd64 2.28-10 <none>
2021-07-06 05:27:21 status half-configured libc-bin:amd64 2.28-10
2021-07-06 05:27:21 status installed libc-bin:amd64 2.28-10
